Calling target program-options parser
[18:37:38.939] [bmv2] [D] [thread 12920] Set default default entry for table 'MyIngress.feature1_exact': NoAction - 
[18:37:38.939] [bmv2] [D] [thread 12920] Set default default entry for table 'MyIngress.feature2_exact': NoAction - 
[18:37:38.939] [bmv2] [D] [thread 12920] Set default default entry for table 'MyIngress.feature3_exact': NoAction - 
[18:37:38.939] [bmv2] [D] [thread 12920] Set default default entry for table 'tbl_basic228': basic228 - 
[18:37:38.939] [bmv2] [D] [thread 12920] Set default default entry for table 'MyIngress.ipv4_exact': MyIngress.drop - 
Adding interface s1-eth1 as port 1
[18:37:38.939] [bmv2] [D] [thread 12920] Adding interface s1-eth1 as port 1
Adding interface s1-eth2 as port 2
[18:37:38.976] [bmv2] [D] [thread 12920] Adding interface s1-eth2 as port 2
Server listening on 0.0.0.0:50051
[18:37:39.009] [bmv2] [I] [thread 12920] Starting Thrift server on port 9090
[18:37:39.009] [bmv2] [I] [thread 12920] Thrift server was started
[18:37:39.048] [bmv2] [D] [thread 12930] [0.0] [cxt 0] Processing packet received on port 1
[18:37:39.048] [bmv2] [D] [thread 12930] [0.0] [cxt 0] Parser 'parser': start
[18:37:39.048] [bmv2] [D] [thread 12930] [0.0] [cxt 0] Parser 'parser' entering state 'start'
[18:37:39.048] [bmv2] [D] [thread 12930] [0.0] [cxt 0] Extracting header 'ethernet'
[18:37:39.048] [bmv2] [D] [thread 12930] [0.0] [cxt 0] Parser state 'start': key is 86dd
[18:37:39.048] [bmv2] [T] [thread 12930] [0.0] [cxt 0] Bytes parsed: 14
[18:37:39.048] [bmv2] [D] [thread 12930] [0.0] [cxt 0] Parser 'parser': end
[18:37:39.048] [bmv2] [D] [thread 12930] [0.0] [cxt 0] Pipeline 'ingress': start
[18:37:39.048] [bmv2] [T] [thread 12930] [0.0] [cxt 0] basic.p4(222) Condition "hdr.ipv4.isValid()" (node_2) is false
[18:37:39.048] [bmv2] [T] [thread 12930] [0.0] [cxt 0] Applying table 'MyIngress.ipv4_exact'
[18:37:39.048] [bmv2] [D] [thread 12930] [0.0] [cxt 0] Looking up key:
* meta.action_select1 : 0000
* meta.action_select2 : 0000
* meta.action_select3 : 0000

[18:37:39.048] [bmv2] [D] [thread 12930] [0.0] [cxt 0] Table 'MyIngress.ipv4_exact': miss
[18:37:39.048] [bmv2] [D] [thread 12930] [0.0] [cxt 0] Action entry is MyIngress.drop - 
[18:37:39.048] [bmv2] [T] [thread 12930] [0.0] [cxt 0] Action MyIngress.drop
[18:37:39.048] [bmv2] [T] [thread 12930] [0.0] [cxt 0] basic.p4(144) Primitive mark_to_drop(standard_metadata)
[18:37:39.048] [bmv2] [D] [thread 12930] [0.0] [cxt 0] Pipeline 'ingress': end
[18:37:39.048] [bmv2] [D] [thread 12930] [0.0] [cxt 0] Egress port is 511
[18:37:39.048] [bmv2] [D] [thread 12930] [0.0] [cxt 0] Dropping packet at the end of ingress
[18:37:39.056] [bmv2] [D] [thread 12930] [1.0] [cxt 0] Processing packet received on port 2
[18:37:39.056] [bmv2] [D] [thread 12930] [1.0] [cxt 0] Parser 'parser': start
[18:37:39.056] [bmv2] [D] [thread 12930] [1.0] [cxt 0] Parser 'parser' entering state 'start'
[18:37:39.056] [bmv2] [D] [thread 12930] [1.0] [cxt 0] Extracting header 'ethernet'
[18:37:39.056] [bmv2] [D] [thread 12930] [1.0] [cxt 0] Parser state 'start': key is 86dd
[18:37:39.056] [bmv2] [T] [thread 12930] [1.0] [cxt 0] Bytes parsed: 14
[18:37:39.056] [bmv2] [D] [thread 12930] [1.0] [cxt 0] Parser 'parser': end
[18:37:39.056] [bmv2] [D] [thread 12930] [1.0] [cxt 0] Pipeline 'ingress': start
[18:37:39.056] [bmv2] [T] [thread 12930] [1.0] [cxt 0] basic.p4(222) Condition "hdr.ipv4.isValid()" (node_2) is false
[18:37:39.056] [bmv2] [T] [thread 12930] [1.0] [cxt 0] Applying table 'MyIngress.ipv4_exact'
[18:37:39.056] [bmv2] [D] [thread 12930] [1.0] [cxt 0] Looking up key:
* meta.action_select1 : 0000
* meta.action_select2 : 0000
* meta.action_select3 : 0000

[18:37:39.056] [bmv2] [D] [thread 12930] [1.0] [cxt 0] Table 'MyIngress.ipv4_exact': miss
[18:37:39.056] [bmv2] [D] [thread 12930] [1.0] [cxt 0] Action entry is MyIngress.drop - 
[18:37:39.056] [bmv2] [T] [thread 12930] [1.0] [cxt 0] Action MyIngress.drop
[18:37:39.056] [bmv2] [T] [thread 12930] [1.0] [cxt 0] basic.p4(144) Primitive mark_to_drop(standard_metadata)
[18:37:39.056] [bmv2] [D] [thread 12930] [1.0] [cxt 0] Pipeline 'ingress': end
[18:37:39.056] [bmv2] [D] [thread 12930] [1.0] [cxt 0] Egress port is 511
[18:37:39.056] [bmv2] [D] [thread 12930] [1.0] [cxt 0] Dropping packet at the end of ingress
[18:37:39.184] [bmv2] [D] [thread 12930] [2.0] [cxt 0] Processing packet received on port 1
[18:37:39.184] [bmv2] [D] [thread 12930] [2.0] [cxt 0] Parser 'parser': start
[18:37:39.184] [bmv2] [D] [thread 12930] [2.0] [cxt 0] Parser 'parser' entering state 'start'
[18:37:39.184] [bmv2] [D] [thread 12930] [2.0] [cxt 0] Extracting header 'ethernet'
[18:37:39.184] [bmv2] [D] [thread 12930] [2.0] [cxt 0] Parser state 'start': key is 86dd
[18:37:39.184] [bmv2] [T] [thread 12930] [2.0] [cxt 0] Bytes parsed: 14
[18:37:39.184] [bmv2] [D] [thread 12930] [2.0] [cxt 0] Parser 'parser': end
[18:37:39.184] [bmv2] [D] [thread 12930] [2.0] [cxt 0] Pipeline 'ingress': start
[18:37:39.184] [bmv2] [T] [thread 12930] [2.0] [cxt 0] basic.p4(222) Condition "hdr.ipv4.isValid()" (node_2) is false
[18:37:39.184] [bmv2] [T] [thread 12930] [2.0] [cxt 0] Applying table 'MyIngress.ipv4_exact'
[18:37:39.184] [bmv2] [D] [thread 12930] [2.0] [cxt 0] Looking up key:
* meta.action_select1 : 0000
* meta.action_select2 : 0000
* meta.action_select3 : 0000

[18:37:39.184] [bmv2] [D] [thread 12930] [2.0] [cxt 0] Table 'MyIngress.ipv4_exact': miss
[18:37:39.184] [bmv2] [D] [thread 12930] [2.0] [cxt 0] Action entry is MyIngress.drop - 
[18:37:39.184] [bmv2] [T] [thread 12930] [2.0] [cxt 0] Action MyIngress.drop
[18:37:39.184] [bmv2] [T] [thread 12930] [2.0] [cxt 0] basic.p4(144) Primitive mark_to_drop(standard_metadata)
[18:37:39.184] [bmv2] [D] [thread 12930] [2.0] [cxt 0] Pipeline 'ingress': end
[18:37:39.184] [bmv2] [D] [thread 12930] [2.0] [cxt 0] Egress port is 511
[18:37:39.184] [bmv2] [D] [thread 12930] [2.0] [cxt 0] Dropping packet at the end of ingress
[18:37:39.728] [bmv2] [D] [thread 12930] [3.0] [cxt 0] Processing packet received on port 2
[18:37:39.729] [bmv2] [D] [thread 12930] [3.0] [cxt 0] Parser 'parser': start
[18:37:39.729] [bmv2] [D] [thread 12930] [3.0] [cxt 0] Parser 'parser' entering state 'start'
[18:37:39.729] [bmv2] [D] [thread 12930] [3.0] [cxt 0] Extracting header 'ethernet'
[18:37:39.729] [bmv2] [D] [thread 12930] [3.0] [cxt 0] Parser state 'start': key is 86dd
[18:37:39.729] [bmv2] [T] [thread 12930] [3.0] [cxt 0] Bytes parsed: 14
[18:37:39.729] [bmv2] [D] [thread 12930] [3.0] [cxt 0] Parser 'parser': end
[18:37:39.729] [bmv2] [D] [thread 12930] [3.0] [cxt 0] Pipeline 'ingress': start
[18:37:39.729] [bmv2] [T] [thread 12930] [3.0] [cxt 0] basic.p4(222) Condition "hdr.ipv4.isValid()" (node_2) is false
[18:37:39.729] [bmv2] [T] [thread 12930] [3.0] [cxt 0] Applying table 'MyIngress.ipv4_exact'
[18:37:39.729] [bmv2] [D] [thread 12930] [3.0] [cxt 0] Looking up key:
* meta.action_select1 : 0000
* meta.action_select2 : 0000
* meta.action_select3 : 0000

[18:37:39.729] [bmv2] [D] [thread 12930] [3.0] [cxt 0] Table 'MyIngress.ipv4_exact': miss
[18:37:39.729] [bmv2] [D] [thread 12930] [3.0] [cxt 0] Action entry is MyIngress.drop - 
[18:37:39.729] [bmv2] [T] [thread 12930] [3.0] [cxt 0] Action MyIngress.drop
[18:37:39.729] [bmv2] [T] [thread 12930] [3.0] [cxt 0] basic.p4(144) Primitive mark_to_drop(standard_metadata)
[18:37:39.729] [bmv2] [D] [thread 12930] [3.0] [cxt 0] Pipeline 'ingress': end
[18:37:39.729] [bmv2] [D] [thread 12930] [3.0] [cxt 0] Egress port is 511
[18:37:39.729] [bmv2] [D] [thread 12930] [3.0] [cxt 0] Dropping packet at the end of ingress
[18:37:40.056] [bmv2] [D] [thread 12930] [4.0] [cxt 0] Processing packet received on port 1
[18:37:40.056] [bmv2] [D] [thread 12930] [4.0] [cxt 0] Parser 'parser': start
[18:37:40.056] [bmv2] [D] [thread 12930] [4.0] [cxt 0] Parser 'parser' entering state 'start'
[18:37:40.056] [bmv2] [D] [thread 12930] [4.0] [cxt 0] Extracting header 'ethernet'
[18:37:40.056] [bmv2] [D] [thread 12930] [4.0] [cxt 0] Parser state 'start': key is 86dd
[18:37:40.056] [bmv2] [T] [thread 12930] [4.0] [cxt 0] Bytes parsed: 14
[18:37:40.056] [bmv2] [D] [thread 12930] [4.0] [cxt 0] Parser 'parser': end
[18:37:40.056] [bmv2] [D] [thread 12930] [4.0] [cxt 0] Pipeline 'ingress': start
[18:37:40.056] [bmv2] [T] [thread 12930] [4.0] [cxt 0] basic.p4(222) Condition "hdr.ipv4.isValid()" (node_2) is false
[18:37:40.056] [bmv2] [T] [thread 12930] [4.0] [cxt 0] Applying table 'MyIngress.ipv4_exact'
[18:37:40.056] [bmv2] [D] [thread 12930] [4.0] [cxt 0] Looking up key:
* meta.action_select1 : 0000
* meta.action_select2 : 0000
* meta.action_select3 : 0000

[18:37:40.056] [bmv2] [D] [thread 12930] [4.0] [cxt 0] Table 'MyIngress.ipv4_exact': miss
[18:37:40.056] [bmv2] [D] [thread 12930] [4.0] [cxt 0] Action entry is MyIngress.drop - 
[18:37:40.056] [bmv2] [T] [thread 12930] [4.0] [cxt 0] Action MyIngress.drop
[18:37:40.056] [bmv2] [T] [thread 12930] [4.0] [cxt 0] basic.p4(144) Primitive mark_to_drop(standard_metadata)
[18:37:40.056] [bmv2] [D] [thread 12930] [4.0] [cxt 0] Pipeline 'ingress': end
[18:37:40.056] [bmv2] [D] [thread 12930] [4.0] [cxt 0] Egress port is 511
[18:37:40.056] [bmv2] [D] [thread 12930] [4.0] [cxt 0] Dropping packet at the end of ingress
[18:37:40.056] [bmv2] [D] [thread 12930] [5.0] [cxt 0] Processing packet received on port 1
[18:37:40.056] [bmv2] [D] [thread 12930] [5.0] [cxt 0] Parser 'parser': start
[18:37:40.056] [bmv2] [D] [thread 12930] [5.0] [cxt 0] Parser 'parser' entering state 'start'
[18:37:40.056] [bmv2] [D] [thread 12930] [5.0] [cxt 0] Extracting header 'ethernet'
[18:37:40.056] [bmv2] [D] [thread 12930] [5.0] [cxt 0] Parser state 'start': key is 86dd
[18:37:40.056] [bmv2] [T] [thread 12930] [5.0] [cxt 0] Bytes parsed: 14
[18:37:40.056] [bmv2] [D] [thread 12930] [5.0] [cxt 0] Parser 'parser': end
[18:37:40.056] [bmv2] [D] [thread 12930] [5.0] [cxt 0] Pipeline 'ingress': start
[18:37:40.056] [bmv2] [T] [thread 12930] [5.0] [cxt 0] basic.p4(222) Condition "hdr.ipv4.isValid()" (node_2) is false
[18:37:40.056] [bmv2] [T] [thread 12930] [5.0] [cxt 0] Applying table 'MyIngress.ipv4_exact'
[18:37:40.056] [bmv2] [D] [thread 12930] [5.0] [cxt 0] Looking up key:
* meta.action_select1 : 0000
* meta.action_select2 : 0000
* meta.action_select3 : 0000

[18:37:40.056] [bmv2] [D] [thread 12930] [5.0] [cxt 0] Table 'MyIngress.ipv4_exact': miss
[18:37:40.056] [bmv2] [D] [thread 12930] [5.0] [cxt 0] Action entry is MyIngress.drop - 
[18:37:40.056] [bmv2] [T] [thread 12930] [5.0] [cxt 0] Action MyIngress.drop
[18:37:40.056] [bmv2] [T] [thread 12930] [5.0] [cxt 0] basic.p4(144) Primitive mark_to_drop(standard_metadata)
[18:37:40.056] [bmv2] [D] [thread 12930] [5.0] [cxt 0] Pipeline 'ingress': end
[18:37:40.056] [bmv2] [D] [thread 12930] [5.0] [cxt 0] Egress port is 511
[18:37:40.056] [bmv2] [D] [thread 12930] [5.0] [cxt 0] Dropping packet at the end of ingress
[18:37:40.459] [bmv2] [W] [thread 12947] [P4Runtime] p4::tmp::P4DeviceConfig is deprecated
[18:37:40.460] [bmv2] [D] [thread 12947] Set default default entry for table 'MyIngress.feature1_exact': NoAction - 
[18:37:40.460] [bmv2] [D] [thread 12947] Set default default entry for table 'MyIngress.feature2_exact': NoAction - 
[18:37:40.460] [bmv2] [D] [thread 12947] Set default default entry for table 'MyIngress.feature3_exact': NoAction - 
[18:37:40.460] [bmv2] [D] [thread 12947] Set default default entry for table 'tbl_basic228': basic228 - 
[18:37:40.460] [bmv2] [D] [thread 12947] Set default default entry for table 'MyIngress.ipv4_exact': MyIngress.drop - 
[18:37:40.461] [bmv2] [D] [thread 12947] simple_switch target has been notified of a config swap
[18:37:40.462] [bmv2] [E] [thread 12948] [P4Runtime] Zero priority for ternary match
