Calling target program-options parser
[19:11:41.567] [bmv2] [D] [thread 37391] Set default default entry for table 'tbl_decision_tree155': decision_tree155 - 
[19:11:41.567] [bmv2] [D] [thread 37391] Set default default entry for table 'MyIngress.feature1_exact': NoAction - 
[19:11:41.567] [bmv2] [D] [thread 37391] Set default default entry for table 'MyIngress.ipv4_exact': MyIngress.drop - 
Adding interface s3-eth1 as port 1
[19:11:41.567] [bmv2] [D] [thread 37391] Adding interface s3-eth1 as port 1
Adding interface s3-eth2 as port 2
[19:11:41.602] [bmv2] [D] [thread 37391] Adding interface s3-eth2 as port 2
Adding interface s3-eth3 as port 3
[19:11:41.659] [bmv2] [D] [thread 37391] Adding interface s3-eth3 as port 3
Server listening on 0.0.0.0:50053
[19:11:41.696] [bmv2] [I] [thread 37391] Starting Thrift server on port 9092
[19:11:41.697] [bmv2] [I] [thread 37391] Thrift server was started
[19:11:41.794] [bmv2] [D] [thread 37401] [0.0] [cxt 0] Processing packet received on port 2
[19:11:41.794] [bmv2] [D] [thread 37401] [0.0] [cxt 0] Parser 'parser': start
[19:11:41.794] [bmv2] [D] [thread 37401] [0.0] [cxt 0] Parser 'parser' entering state 'start'
[19:11:41.794] [bmv2] [D] [thread 37401] [0.0] [cxt 0] Extracting header 'ethernet'
[19:11:41.795] [bmv2] [D] [thread 37401] [0.0] [cxt 0] Parser state 'start': key is 86dd
[19:11:41.795] [bmv2] [T] [thread 37401] [0.0] [cxt 0] Bytes parsed: 14
[19:11:41.795] [bmv2] [D] [thread 37401] [0.0] [cxt 0] Parser 'parser': end
[19:11:41.795] [bmv2] [D] [thread 37401] [0.0] [cxt 0] Pipeline 'ingress': start
[19:11:41.795] [bmv2] [T] [thread 37401] [0.0] [cxt 0] decision_tree.p4(154) Condition "hdr.ipv4.isValid()" (node_2) is false
[19:11:41.795] [bmv2] [T] [thread 37401] [0.0] [cxt 0] Applying table 'MyIngress.ipv4_exact'
[19:11:41.795] [bmv2] [D] [thread 37401] [0.0] [cxt 0] Looking up key:
* meta.action_select1 : 0000

[19:11:41.795] [bmv2] [D] [thread 37401] [0.0] [cxt 0] Table 'MyIngress.ipv4_exact': miss
[19:11:41.795] [bmv2] [D] [thread 37401] [0.0] [cxt 0] Action entry is MyIngress.drop - 
[19:11:41.795] [bmv2] [T] [thread 37401] [0.0] [cxt 0] Action MyIngress.drop
[19:11:41.795] [bmv2] [T] [thread 37401] [0.0] [cxt 0] decision_tree.p4(113) Primitive mark_to_drop(standard_metadata)
[19:11:41.795] [bmv2] [D] [thread 37401] [0.0] [cxt 0] Pipeline 'ingress': end
[19:11:41.795] [bmv2] [D] [thread 37401] [0.0] [cxt 0] Egress port is 511
[19:11:41.795] [bmv2] [D] [thread 37401] [0.0] [cxt 0] Dropping packet at the end of ingress
[19:11:41.795] [bmv2] [D] [thread 37401] [1.0] [cxt 0] Processing packet received on port 2
[19:11:41.795] [bmv2] [D] [thread 37401] [1.0] [cxt 0] Parser 'parser': start
[19:11:41.795] [bmv2] [D] [thread 37401] [1.0] [cxt 0] Parser 'parser' entering state 'start'
[19:11:41.795] [bmv2] [D] [thread 37401] [1.0] [cxt 0] Extracting header 'ethernet'
[19:11:41.795] [bmv2] [D] [thread 37401] [1.0] [cxt 0] Parser state 'start': key is 86dd
[19:11:41.795] [bmv2] [T] [thread 37401] [1.0] [cxt 0] Bytes parsed: 14
[19:11:41.795] [bmv2] [D] [thread 37401] [1.0] [cxt 0] Parser 'parser': end
[19:11:41.795] [bmv2] [D] [thread 37401] [1.0] [cxt 0] Pipeline 'ingress': start
[19:11:41.795] [bmv2] [T] [thread 37401] [1.0] [cxt 0] decision_tree.p4(154) Condition "hdr.ipv4.isValid()" (node_2) is false
[19:11:41.795] [bmv2] [T] [thread 37401] [1.0] [cxt 0] Applying table 'MyIngress.ipv4_exact'
[19:11:41.795] [bmv2] [D] [thread 37401] [1.0] [cxt 0] Looking up key:
* meta.action_select1 : 0000

[19:11:41.795] [bmv2] [D] [thread 37401] [1.0] [cxt 0] Table 'MyIngress.ipv4_exact': miss
[19:11:41.795] [bmv2] [D] [thread 37401] [1.0] [cxt 0] Action entry is MyIngress.drop - 
[19:11:41.795] [bmv2] [T] [thread 37401] [1.0] [cxt 0] Action MyIngress.drop
[19:11:41.795] [bmv2] [T] [thread 37401] [1.0] [cxt 0] decision_tree.p4(113) Primitive mark_to_drop(standard_metadata)
[19:11:41.795] [bmv2] [D] [thread 37401] [1.0] [cxt 0] Pipeline 'ingress': end
[19:11:41.795] [bmv2] [D] [thread 37401] [1.0] [cxt 0] Egress port is 511
[19:11:41.795] [bmv2] [D] [thread 37401] [1.0] [cxt 0] Dropping packet at the end of ingress
[19:11:41.888] [bmv2] [D] [thread 37401] [2.0] [cxt 0] Processing packet received on port 2
[19:11:41.888] [bmv2] [D] [thread 37401] [2.0] [cxt 0] Parser 'parser': start
[19:11:41.888] [bmv2] [D] [thread 37401] [2.0] [cxt 0] Parser 'parser' entering state 'start'
[19:11:41.888] [bmv2] [D] [thread 37401] [2.0] [cxt 0] Extracting header 'ethernet'
[19:11:41.888] [bmv2] [D] [thread 37401] [2.0] [cxt 0] Parser state 'start': key is 86dd
[19:11:41.888] [bmv2] [T] [thread 37401] [2.0] [cxt 0] Bytes parsed: 14
[19:11:41.888] [bmv2] [D] [thread 37401] [2.0] [cxt 0] Parser 'parser': end
[19:11:41.888] [bmv2] [D] [thread 37401] [2.0] [cxt 0] Pipeline 'ingress': start
[19:11:41.888] [bmv2] [T] [thread 37401] [2.0] [cxt 0] decision_tree.p4(154) Condition "hdr.ipv4.isValid()" (node_2) is false
[19:11:41.888] [bmv2] [T] [thread 37401] [2.0] [cxt 0] Applying table 'MyIngress.ipv4_exact'
[19:11:41.888] [bmv2] [D] [thread 37401] [2.0] [cxt 0] Looking up key:
* meta.action_select1 : 0000

[19:11:41.888] [bmv2] [D] [thread 37401] [2.0] [cxt 0] Table 'MyIngress.ipv4_exact': miss
[19:11:41.888] [bmv2] [D] [thread 37401] [2.0] [cxt 0] Action entry is MyIngress.drop - 
[19:11:41.888] [bmv2] [T] [thread 37401] [2.0] [cxt 0] Action MyIngress.drop
[19:11:41.888] [bmv2] [T] [thread 37401] [2.0] [cxt 0] decision_tree.p4(113) Primitive mark_to_drop(standard_metadata)
[19:11:41.888] [bmv2] [D] [thread 37401] [2.0] [cxt 0] Pipeline 'ingress': end
[19:11:41.888] [bmv2] [D] [thread 37401] [2.0] [cxt 0] Egress port is 511
[19:11:41.888] [bmv2] [D] [thread 37401] [2.0] [cxt 0] Dropping packet at the end of ingress
[19:11:41.888] [bmv2] [D] [thread 37401] [3.0] [cxt 0] Processing packet received on port 2
[19:11:41.888] [bmv2] [D] [thread 37401] [3.0] [cxt 0] Parser 'parser': start
[19:11:41.888] [bmv2] [D] [thread 37401] [3.0] [cxt 0] Parser 'parser' entering state 'start'
[19:11:41.888] [bmv2] [D] [thread 37401] [3.0] [cxt 0] Extracting header 'ethernet'
[19:11:41.888] [bmv2] [D] [thread 37401] [3.0] [cxt 0] Parser state 'start': key is 86dd
[19:11:41.888] [bmv2] [T] [thread 37401] [3.0] [cxt 0] Bytes parsed: 14
[19:11:41.888] [bmv2] [D] [thread 37401] [3.0] [cxt 0] Parser 'parser': end
[19:11:41.888] [bmv2] [D] [thread 37401] [3.0] [cxt 0] Pipeline 'ingress': start
[19:11:41.888] [bmv2] [T] [thread 37401] [3.0] [cxt 0] decision_tree.p4(154) Condition "hdr.ipv4.isValid()" (node_2) is false
[19:11:41.888] [bmv2] [T] [thread 37401] [3.0] [cxt 0] Applying table 'MyIngress.ipv4_exact'
[19:11:41.888] [bmv2] [D] [thread 37401] [3.0] [cxt 0] Looking up key:
* meta.action_select1 : 0000

[19:11:41.888] [bmv2] [D] [thread 37401] [3.0] [cxt 0] Table 'MyIngress.ipv4_exact': miss
[19:11:41.888] [bmv2] [D] [thread 37401] [3.0] [cxt 0] Action entry is MyIngress.drop - 
[19:11:41.888] [bmv2] [T] [thread 37401] [3.0] [cxt 0] Action MyIngress.drop
[19:11:41.888] [bmv2] [T] [thread 37401] [3.0] [cxt 0] decision_tree.p4(113) Primitive mark_to_drop(standard_metadata)
[19:11:41.888] [bmv2] [D] [thread 37401] [3.0] [cxt 0] Pipeline 'ingress': end
[19:11:41.888] [bmv2] [D] [thread 37401] [3.0] [cxt 0] Egress port is 511
[19:11:41.888] [bmv2] [D] [thread 37401] [3.0] [cxt 0] Dropping packet at the end of ingress
[19:11:41.915] [bmv2] [D] [thread 37401] [4.0] [cxt 0] Processing packet received on port 2
[19:11:41.915] [bmv2] [D] [thread 37401] [4.0] [cxt 0] Parser 'parser': start
[19:11:41.915] [bmv2] [D] [thread 37401] [4.0] [cxt 0] Parser 'parser' entering state 'start'
[19:11:41.915] [bmv2] [D] [thread 37401] [4.0] [cxt 0] Extracting header 'ethernet'
[19:11:41.915] [bmv2] [D] [thread 37401] [4.0] [cxt 0] Parser state 'start': key is 86dd
[19:11:41.915] [bmv2] [T] [thread 37401] [4.0] [cxt 0] Bytes parsed: 14
[19:11:41.915] [bmv2] [D] [thread 37401] [4.0] [cxt 0] Parser 'parser': end
[19:11:41.915] [bmv2] [D] [thread 37401] [4.0] [cxt 0] Pipeline 'ingress': start
[19:11:41.915] [bmv2] [T] [thread 37401] [4.0] [cxt 0] decision_tree.p4(154) Condition "hdr.ipv4.isValid()" (node_2) is false
[19:11:41.915] [bmv2] [T] [thread 37401] [4.0] [cxt 0] Applying table 'MyIngress.ipv4_exact'
[19:11:41.915] [bmv2] [D] [thread 37401] [4.0] [cxt 0] Looking up key:
* meta.action_select1 : 0000

[19:11:41.915] [bmv2] [D] [thread 37401] [4.0] [cxt 0] Table 'MyIngress.ipv4_exact': miss
[19:11:41.915] [bmv2] [D] [thread 37401] [4.0] [cxt 0] Action entry is MyIngress.drop - 
[19:11:41.915] [bmv2] [T] [thread 37401] [4.0] [cxt 0] Action MyIngress.drop
[19:11:41.915] [bmv2] [T] [thread 37401] [4.0] [cxt 0] decision_tree.p4(113) Primitive mark_to_drop(standard_metadata)
[19:11:41.915] [bmv2] [D] [thread 37401] [4.0] [cxt 0] Pipeline 'ingress': end
[19:11:41.915] [bmv2] [D] [thread 37401] [4.0] [cxt 0] Egress port is 511
[19:11:41.915] [bmv2] [D] [thread 37401] [4.0] [cxt 0] Dropping packet at the end of ingress
[19:11:42.136] [bmv2] [D] [thread 37401] [5.0] [cxt 0] Processing packet received on port 3
[19:11:42.136] [bmv2] [D] [thread 37401] [5.0] [cxt 0] Parser 'parser': start
[19:11:42.136] [bmv2] [D] [thread 37401] [5.0] [cxt 0] Parser 'parser' entering state 'start'
[19:11:42.136] [bmv2] [D] [thread 37401] [5.0] [cxt 0] Extracting header 'ethernet'
[19:11:42.136] [bmv2] [D] [thread 37401] [5.0] [cxt 0] Parser state 'start': key is 86dd
[19:11:42.136] [bmv2] [T] [thread 37401] [5.0] [cxt 0] Bytes parsed: 14
[19:11:42.136] [bmv2] [D] [thread 37401] [5.0] [cxt 0] Parser 'parser': end
[19:11:42.136] [bmv2] [D] [thread 37401] [5.0] [cxt 0] Pipeline 'ingress': start
[19:11:42.136] [bmv2] [T] [thread 37401] [5.0] [cxt 0] decision_tree.p4(154) Condition "hdr.ipv4.isValid()" (node_2) is false
[19:11:42.136] [bmv2] [T] [thread 37401] [5.0] [cxt 0] Applying table 'MyIngress.ipv4_exact'
[19:11:42.136] [bmv2] [D] [thread 37401] [5.0] [cxt 0] Looking up key:
* meta.action_select1 : 0000

[19:11:42.136] [bmv2] [D] [thread 37401] [5.0] [cxt 0] Table 'MyIngress.ipv4_exact': miss
[19:11:42.136] [bmv2] [D] [thread 37401] [5.0] [cxt 0] Action entry is MyIngress.drop - 
[19:11:42.136] [bmv2] [T] [thread 37401] [5.0] [cxt 0] Action MyIngress.drop
[19:11:42.136] [bmv2] [T] [thread 37401] [5.0] [cxt 0] decision_tree.p4(113) Primitive mark_to_drop(standard_metadata)
[19:11:42.136] [bmv2] [D] [thread 37401] [5.0] [cxt 0] Pipeline 'ingress': end
[19:11:42.136] [bmv2] [D] [thread 37401] [5.0] [cxt 0] Egress port is 511
[19:11:42.136] [bmv2] [D] [thread 37401] [5.0] [cxt 0] Dropping packet at the end of ingress
[19:11:42.136] [bmv2] [D] [thread 37401] [6.0] [cxt 0] Processing packet received on port 3
[19:11:42.136] [bmv2] [D] [thread 37401] [6.0] [cxt 0] Parser 'parser': start
[19:11:42.136] [bmv2] [D] [thread 37401] [6.0] [cxt 0] Parser 'parser' entering state 'start'
[19:11:42.136] [bmv2] [D] [thread 37401] [6.0] [cxt 0] Extracting header 'ethernet'
[19:11:42.136] [bmv2] [D] [thread 37401] [6.0] [cxt 0] Parser state 'start': key is 86dd
[19:11:42.136] [bmv2] [T] [thread 37401] [6.0] [cxt 0] Bytes parsed: 14
[19:11:42.136] [bmv2] [D] [thread 37401] [6.0] [cxt 0] Parser 'parser': end
[19:11:42.136] [bmv2] [D] [thread 37401] [6.0] [cxt 0] Pipeline 'ingress': start
[19:11:42.136] [bmv2] [T] [thread 37401] [6.0] [cxt 0] decision_tree.p4(154) Condition "hdr.ipv4.isValid()" (node_2) is false
[19:11:42.136] [bmv2] [T] [thread 37401] [6.0] [cxt 0] Applying table 'MyIngress.ipv4_exact'
[19:11:42.136] [bmv2] [D] [thread 37401] [6.0] [cxt 0] Looking up key:
* meta.action_select1 : 0000

[19:11:42.136] [bmv2] [D] [thread 37401] [6.0] [cxt 0] Table 'MyIngress.ipv4_exact': miss
[19:11:42.136] [bmv2] [D] [thread 37401] [6.0] [cxt 0] Action entry is MyIngress.drop - 
[19:11:42.136] [bmv2] [T] [thread 37401] [6.0] [cxt 0] Action MyIngress.drop
[19:11:42.136] [bmv2] [T] [thread 37401] [6.0] [cxt 0] decision_tree.p4(113) Primitive mark_to_drop(standard_metadata)
[19:11:42.136] [bmv2] [D] [thread 37401] [6.0] [cxt 0] Pipeline 'ingress': end
[19:11:42.136] [bmv2] [D] [thread 37401] [6.0] [cxt 0] Egress port is 511
[19:11:42.136] [bmv2] [D] [thread 37401] [6.0] [cxt 0] Dropping packet at the end of ingress
[19:11:42.204] [bmv2] [D] [thread 37401] [7.0] [cxt 0] Processing packet received on port 1
[19:11:42.204] [bmv2] [D] [thread 37401] [7.0] [cxt 0] Parser 'parser': start
[19:11:42.204] [bmv2] [D] [thread 37401] [7.0] [cxt 0] Parser 'parser' entering state 'start'
[19:11:42.204] [bmv2] [D] [thread 37401] [7.0] [cxt 0] Extracting header 'ethernet'
[19:11:42.204] [bmv2] [D] [thread 37401] [7.0] [cxt 0] Parser state 'start': key is 86dd
[19:11:42.204] [bmv2] [T] [thread 37401] [7.0] [cxt 0] Bytes parsed: 14
[19:11:42.204] [bmv2] [D] [thread 37401] [7.0] [cxt 0] Parser 'parser': end
[19:11:42.204] [bmv2] [D] [thread 37401] [7.0] [cxt 0] Pipeline 'ingress': start
[19:11:42.204] [bmv2] [T] [thread 37401] [7.0] [cxt 0] decision_tree.p4(154) Condition "hdr.ipv4.isValid()" (node_2) is false
[19:11:42.204] [bmv2] [T] [thread 37401] [7.0] [cxt 0] Applying table 'MyIngress.ipv4_exact'
[19:11:42.204] [bmv2] [D] [thread 37401] [7.0] [cxt 0] Looking up key:
* meta.action_select1 : 0000

[19:11:42.204] [bmv2] [D] [thread 37401] [7.0] [cxt 0] Table 'MyIngress.ipv4_exact': miss
[19:11:42.204] [bmv2] [D] [thread 37401] [7.0] [cxt 0] Action entry is MyIngress.drop - 
[19:11:42.204] [bmv2] [T] [thread 37401] [7.0] [cxt 0] Action MyIngress.drop
[19:11:42.204] [bmv2] [T] [thread 37401] [7.0] [cxt 0] decision_tree.p4(113) Primitive mark_to_drop(standard_metadata)
[19:11:42.204] [bmv2] [D] [thread 37401] [7.0] [cxt 0] Pipeline 'ingress': end
[19:11:42.204] [bmv2] [D] [thread 37401] [7.0] [cxt 0] Egress port is 511
[19:11:42.204] [bmv2] [D] [thread 37401] [7.0] [cxt 0] Dropping packet at the end of ingress
[19:11:42.204] [bmv2] [D] [thread 37401] [8.0] [cxt 0] Processing packet received on port 1
[19:11:42.204] [bmv2] [D] [thread 37401] [8.0] [cxt 0] Parser 'parser': start
[19:11:42.204] [bmv2] [D] [thread 37401] [8.0] [cxt 0] Parser 'parser' entering state 'start'
[19:11:42.204] [bmv2] [D] [thread 37401] [8.0] [cxt 0] Extracting header 'ethernet'
[19:11:42.204] [bmv2] [D] [thread 37401] [8.0] [cxt 0] Parser state 'start': key is 86dd
[19:11:42.204] [bmv2] [T] [thread 37401] [8.0] [cxt 0] Bytes parsed: 14
[19:11:42.204] [bmv2] [D] [thread 37401] [8.0] [cxt 0] Parser 'parser': end
[19:11:42.204] [bmv2] [D] [thread 37401] [8.0] [cxt 0] Pipeline 'ingress': start
[19:11:42.204] [bmv2] [T] [thread 37401] [8.0] [cxt 0] decision_tree.p4(154) Condition "hdr.ipv4.isValid()" (node_2) is false
[19:11:42.204] [bmv2] [T] [thread 37401] [8.0] [cxt 0] Applying table 'MyIngress.ipv4_exact'
[19:11:42.204] [bmv2] [D] [thread 37401] [8.0] [cxt 0] Looking up key:
* meta.action_select1 : 0000

[19:11:42.204] [bmv2] [D] [thread 37401] [8.0] [cxt 0] Table 'MyIngress.ipv4_exact': miss
[19:11:42.204] [bmv2] [D] [thread 37401] [8.0] [cxt 0] Action entry is MyIngress.drop - 
[19:11:42.204] [bmv2] [T] [thread 37401] [8.0] [cxt 0] Action MyIngress.drop
[19:11:42.204] [bmv2] [T] [thread 37401] [8.0] [cxt 0] decision_tree.p4(113) Primitive mark_to_drop(standard_metadata)
[19:11:42.204] [bmv2] [D] [thread 37401] [8.0] [cxt 0] Pipeline 'ingress': end
[19:11:42.204] [bmv2] [D] [thread 37401] [8.0] [cxt 0] Egress port is 511
[19:11:42.204] [bmv2] [D] [thread 37401] [8.0] [cxt 0] Dropping packet at the end of ingress
[19:11:42.326] [bmv2] [D] [thread 37401] [9.0] [cxt 0] Processing packet received on port 3
[19:11:42.326] [bmv2] [D] [thread 37401] [9.0] [cxt 0] Parser 'parser': start
[19:11:42.326] [bmv2] [D] [thread 37401] [9.0] [cxt 0] Parser 'parser' entering state 'start'
[19:11:42.326] [bmv2] [D] [thread 37401] [9.0] [cxt 0] Extracting header 'ethernet'
[19:11:42.326] [bmv2] [D] [thread 37401] [9.0] [cxt 0] Parser state 'start': key is 86dd
[19:11:42.326] [bmv2] [T] [thread 37401] [9.0] [cxt 0] Bytes parsed: 14
[19:11:42.326] [bmv2] [D] [thread 37401] [9.0] [cxt 0] Parser 'parser': end
[19:11:42.326] [bmv2] [D] [thread 37401] [9.0] [cxt 0] Pipeline 'ingress': start
[19:11:42.326] [bmv2] [T] [thread 37401] [9.0] [cxt 0] decision_tree.p4(154) Condition "hdr.ipv4.isValid()" (node_2) is false
[19:11:42.326] [bmv2] [T] [thread 37401] [9.0] [cxt 0] Applying table 'MyIngress.ipv4_exact'
[19:11:42.326] [bmv2] [D] [thread 37401] [9.0] [cxt 0] Looking up key:
* meta.action_select1 : 0000

[19:11:42.326] [bmv2] [D] [thread 37401] [9.0] [cxt 0] Table 'MyIngress.ipv4_exact': miss
[19:11:42.326] [bmv2] [D] [thread 37401] [9.0] [cxt 0] Action entry is MyIngress.drop - 
[19:11:42.326] [bmv2] [T] [thread 37401] [9.0] [cxt 0] Action MyIngress.drop
[19:11:42.326] [bmv2] [T] [thread 37401] [9.0] [cxt 0] decision_tree.p4(113) Primitive mark_to_drop(standard_metadata)
[19:11:42.326] [bmv2] [D] [thread 37401] [9.0] [cxt 0] Pipeline 'ingress': end
[19:11:42.326] [bmv2] [D] [thread 37401] [9.0] [cxt 0] Egress port is 511
[19:11:42.326] [bmv2] [D] [thread 37401] [9.0] [cxt 0] Dropping packet at the end of ingress
[19:11:42.501] [bmv2] [D] [thread 37401] [10.0] [cxt 0] Processing packet received on port 3
[19:11:42.501] [bmv2] [D] [thread 37401] [10.0] [cxt 0] Parser 'parser': start
[19:11:42.501] [bmv2] [D] [thread 37401] [10.0] [cxt 0] Parser 'parser' entering state 'start'
[19:11:42.501] [bmv2] [D] [thread 37401] [10.0] [cxt 0] Extracting header 'ethernet'
[19:11:42.502] [bmv2] [D] [thread 37401] [10.0] [cxt 0] Parser state 'start': key is 86dd
[19:11:42.502] [bmv2] [T] [thread 37401] [10.0] [cxt 0] Bytes parsed: 14
[19:11:42.502] [bmv2] [D] [thread 37401] [10.0] [cxt 0] Parser 'parser': end
[19:11:42.502] [bmv2] [D] [thread 37401] [10.0] [cxt 0] Pipeline 'ingress': start
[19:11:42.502] [bmv2] [T] [thread 37401] [10.0] [cxt 0] decision_tree.p4(154) Condition "hdr.ipv4.isValid()" (node_2) is false
[19:11:42.502] [bmv2] [T] [thread 37401] [10.0] [cxt 0] Applying table 'MyIngress.ipv4_exact'
[19:11:42.502] [bmv2] [D] [thread 37401] [10.0] [cxt 0] Looking up key:
* meta.action_select1 : 0000

[19:11:42.502] [bmv2] [D] [thread 37401] [10.0] [cxt 0] Table 'MyIngress.ipv4_exact': miss
[19:11:42.502] [bmv2] [D] [thread 37401] [10.0] [cxt 0] Action entry is MyIngress.drop - 
[19:11:42.502] [bmv2] [T] [thread 37401] [10.0] [cxt 0] Action MyIngress.drop
[19:11:42.502] [bmv2] [T] [thread 37401] [10.0] [cxt 0] decision_tree.p4(113) Primitive mark_to_drop(standard_metadata)
[19:11:42.502] [bmv2] [D] [thread 37401] [10.0] [cxt 0] Pipeline 'ingress': end
[19:11:42.502] [bmv2] [D] [thread 37401] [10.0] [cxt 0] Egress port is 511
[19:11:42.502] [bmv2] [D] [thread 37401] [10.0] [cxt 0] Dropping packet at the end of ingress
[19:11:42.582] [bmv2] [D] [thread 37401] [11.0] [cxt 0] Processing packet received on port 2
[19:11:42.582] [bmv2] [D] [thread 37401] [11.0] [cxt 0] Parser 'parser': start
[19:11:42.582] [bmv2] [D] [thread 37401] [11.0] [cxt 0] Parser 'parser' entering state 'start'
[19:11:42.582] [bmv2] [D] [thread 37401] [11.0] [cxt 0] Extracting header 'ethernet'
[19:11:42.582] [bmv2] [D] [thread 37401] [11.0] [cxt 0] Parser state 'start': key is 86dd
[19:11:42.582] [bmv2] [T] [thread 37401] [11.0] [cxt 0] Bytes parsed: 14
[19:11:42.582] [bmv2] [D] [thread 37401] [11.0] [cxt 0] Parser 'parser': end
[19:11:42.583] [bmv2] [D] [thread 37401] [11.0] [cxt 0] Pipeline 'ingress': start
[19:11:42.583] [bmv2] [T] [thread 37401] [11.0] [cxt 0] decision_tree.p4(154) Condition "hdr.ipv4.isValid()" (node_2) is false
[19:11:42.583] [bmv2] [T] [thread 37401] [11.0] [cxt 0] Applying table 'MyIngress.ipv4_exact'
[19:11:42.583] [bmv2] [D] [thread 37401] [11.0] [cxt 0] Looking up key:
* meta.action_select1 : 0000

[19:11:42.583] [bmv2] [D] [thread 37401] [11.0] [cxt 0] Table 'MyIngress.ipv4_exact': miss
[19:11:42.583] [bmv2] [D] [thread 37401] [11.0] [cxt 0] Action entry is MyIngress.drop - 
[19:11:42.583] [bmv2] [T] [thread 37401] [11.0] [cxt 0] Action MyIngress.drop
[19:11:42.583] [bmv2] [T] [thread 37401] [11.0] [cxt 0] decision_tree.p4(113) Primitive mark_to_drop(standard_metadata)
[19:11:42.583] [bmv2] [D] [thread 37401] [11.0] [cxt 0] Pipeline 'ingress': end
[19:11:42.583] [bmv2] [D] [thread 37401] [11.0] [cxt 0] Egress port is 511
[19:11:42.583] [bmv2] [D] [thread 37401] [11.0] [cxt 0] Dropping packet at the end of ingress
[19:11:43.158] [bmv2] [D] [thread 37401] [12.0] [cxt 0] Processing packet received on port 1
[19:11:43.158] [bmv2] [D] [thread 37401] [12.0] [cxt 0] Parser 'parser': start
[19:11:43.158] [bmv2] [D] [thread 37401] [12.0] [cxt 0] Parser 'parser' entering state 'start'
[19:11:43.158] [bmv2] [D] [thread 37401] [12.0] [cxt 0] Extracting header 'ethernet'
[19:11:43.158] [bmv2] [D] [thread 37401] [12.0] [cxt 0] Parser state 'start': key is 86dd
[19:11:43.159] [bmv2] [T] [thread 37401] [12.0] [cxt 0] Bytes parsed: 14
[19:11:43.159] [bmv2] [D] [thread 37401] [12.0] [cxt 0] Parser 'parser': end
[19:11:43.159] [bmv2] [D] [thread 37401] [12.0] [cxt 0] Pipeline 'ingress': start
[19:11:43.159] [bmv2] [T] [thread 37401] [12.0] [cxt 0] decision_tree.p4(154) Condition "hdr.ipv4.isValid()" (node_2) is false
[19:11:43.159] [bmv2] [T] [thread 37401] [12.0] [cxt 0] Applying table 'MyIngress.ipv4_exact'
[19:11:43.159] [bmv2] [D] [thread 37401] [12.0] [cxt 0] Looking up key:
* meta.action_select1 : 0000

[19:11:43.159] [bmv2] [D] [thread 37401] [12.0] [cxt 0] Table 'MyIngress.ipv4_exact': miss
[19:11:43.159] [bmv2] [D] [thread 37401] [12.0] [cxt 0] Action entry is MyIngress.drop - 
[19:11:43.159] [bmv2] [T] [thread 37401] [12.0] [cxt 0] Action MyIngress.drop
[19:11:43.159] [bmv2] [T] [thread 37401] [12.0] [cxt 0] decision_tree.p4(113) Primitive mark_to_drop(standard_metadata)
[19:11:43.159] [bmv2] [D] [thread 37401] [12.0] [cxt 0] Pipeline 'ingress': end
[19:11:43.159] [bmv2] [D] [thread 37401] [12.0] [cxt 0] Egress port is 511
[19:11:43.159] [bmv2] [D] [thread 37401] [12.0] [cxt 0] Dropping packet at the end of ingress
[19:11:45.590] [bmv2] [D] [thread 37401] [13.0] [cxt 0] Processing packet received on port 2
[19:11:45.590] [bmv2] [D] [thread 37401] [13.0] [cxt 0] Parser 'parser': start
[19:11:45.590] [bmv2] [D] [thread 37401] [13.0] [cxt 0] Parser 'parser' entering state 'start'
[19:11:45.590] [bmv2] [D] [thread 37401] [13.0] [cxt 0] Extracting header 'ethernet'
[19:11:45.590] [bmv2] [D] [thread 37401] [13.0] [cxt 0] Parser state 'start': key is 86dd
[19:11:45.591] [bmv2] [T] [thread 37401] [13.0] [cxt 0] Bytes parsed: 14
[19:11:45.591] [bmv2] [D] [thread 37401] [13.0] [cxt 0] Parser 'parser': end
[19:11:45.591] [bmv2] [D] [thread 37401] [13.0] [cxt 0] Pipeline 'ingress': start
[19:11:45.591] [bmv2] [T] [thread 37401] [13.0] [cxt 0] decision_tree.p4(154) Condition "hdr.ipv4.isValid()" (node_2) is false
[19:11:45.591] [bmv2] [T] [thread 37401] [13.0] [cxt 0] Applying table 'MyIngress.ipv4_exact'
[19:11:45.591] [bmv2] [D] [thread 37401] [13.0] [cxt 0] Looking up key:
* meta.action_select1 : 0000

[19:11:45.591] [bmv2] [D] [thread 37401] [13.0] [cxt 0] Table 'MyIngress.ipv4_exact': miss
[19:11:45.591] [bmv2] [D] [thread 37401] [13.0] [cxt 0] Action entry is MyIngress.drop - 
[19:11:45.591] [bmv2] [T] [thread 37401] [13.0] [cxt 0] Action MyIngress.drop
[19:11:45.591] [bmv2] [T] [thread 37401] [13.0] [cxt 0] decision_tree.p4(113) Primitive mark_to_drop(standard_metadata)
[19:11:45.591] [bmv2] [D] [thread 37401] [13.0] [cxt 0] Pipeline 'ingress': end
[19:11:45.591] [bmv2] [D] [thread 37401] [13.0] [cxt 0] Egress port is 511
[19:11:45.591] [bmv2] [D] [thread 37401] [13.0] [cxt 0] Dropping packet at the end of ingress
[19:11:45.846] [bmv2] [D] [thread 37401] [14.0] [cxt 0] Processing packet received on port 3
[19:11:45.846] [bmv2] [D] [thread 37401] [14.0] [cxt 0] Parser 'parser': start
[19:11:45.846] [bmv2] [D] [thread 37401] [14.0] [cxt 0] Parser 'parser' entering state 'start'
[19:11:45.846] [bmv2] [D] [thread 37401] [14.0] [cxt 0] Extracting header 'ethernet'
[19:11:45.846] [bmv2] [D] [thread 37401] [14.0] [cxt 0] Parser state 'start': key is 86dd
[19:11:45.846] [bmv2] [T] [thread 37401] [14.0] [cxt 0] Bytes parsed: 14
[19:11:45.846] [bmv2] [D] [thread 37401] [14.0] [cxt 0] Parser 'parser': end
[19:11:45.846] [bmv2] [D] [thread 37401] [14.0] [cxt 0] Pipeline 'ingress': start
[19:11:45.846] [bmv2] [T] [thread 37401] [14.0] [cxt 0] decision_tree.p4(154) Condition "hdr.ipv4.isValid()" (node_2) is false
[19:11:45.846] [bmv2] [T] [thread 37401] [14.0] [cxt 0] Applying table 'MyIngress.ipv4_exact'
[19:11:45.846] [bmv2] [D] [thread 37401] [14.0] [cxt 0] Looking up key:
* meta.action_select1 : 0000

[19:11:45.846] [bmv2] [D] [thread 37401] [14.0] [cxt 0] Table 'MyIngress.ipv4_exact': miss
[19:11:45.846] [bmv2] [D] [thread 37401] [14.0] [cxt 0] Action entry is MyIngress.drop - 
[19:11:45.846] [bmv2] [T] [thread 37401] [14.0] [cxt 0] Action MyIngress.drop
[19:11:45.846] [bmv2] [T] [thread 37401] [14.0] [cxt 0] decision_tree.p4(113) Primitive mark_to_drop(standard_metadata)
[19:11:45.846] [bmv2] [D] [thread 37401] [14.0] [cxt 0] Pipeline 'ingress': end
[19:11:45.846] [bmv2] [D] [thread 37401] [14.0] [cxt 0] Egress port is 511
[19:11:45.846] [bmv2] [D] [thread 37401] [14.0] [cxt 0] Dropping packet at the end of ingress
[19:11:45.846] [bmv2] [D] [thread 37401] [15.0] [cxt 0] Processing packet received on port 3
[19:11:45.846] [bmv2] [D] [thread 37401] [15.0] [cxt 0] Parser 'parser': start
[19:11:45.846] [bmv2] [D] [thread 37401] [15.0] [cxt 0] Parser 'parser' entering state 'start'
[19:11:45.846] [bmv2] [D] [thread 37401] [15.0] [cxt 0] Extracting header 'ethernet'
[19:11:45.846] [bmv2] [D] [thread 37401] [15.0] [cxt 0] Parser state 'start': key is 86dd
[19:11:45.846] [bmv2] [T] [thread 37401] [15.0] [cxt 0] Bytes parsed: 14
[19:11:45.846] [bmv2] [D] [thread 37401] [15.0] [cxt 0] Parser 'parser': end
[19:11:45.846] [bmv2] [D] [thread 37401] [15.0] [cxt 0] Pipeline 'ingress': start
[19:11:45.846] [bmv2] [T] [thread 37401] [15.0] [cxt 0] decision_tree.p4(154) Condition "hdr.ipv4.isValid()" (node_2) is false
[19:11:45.846] [bmv2] [T] [thread 37401] [15.0] [cxt 0] Applying table 'MyIngress.ipv4_exact'
[19:11:45.846] [bmv2] [D] [thread 37401] [15.0] [cxt 0] Looking up key:
* meta.action_select1 : 0000

[19:11:45.846] [bmv2] [D] [thread 37401] [15.0] [cxt 0] Table 'MyIngress.ipv4_exact': miss
[19:11:45.846] [bmv2] [D] [thread 37401] [15.0] [cxt 0] Action entry is MyIngress.drop - 
[19:11:45.846] [bmv2] [T] [thread 37401] [15.0] [cxt 0] Action MyIngress.drop
[19:11:45.846] [bmv2] [T] [thread 37401] [15.0] [cxt 0] decision_tree.p4(113) Primitive mark_to_drop(standard_metadata)
[19:11:45.846] [bmv2] [D] [thread 37401] [15.0] [cxt 0] Pipeline 'ingress': end
[19:11:45.846] [bmv2] [D] [thread 37401] [15.0] [cxt 0] Egress port is 511
[19:11:45.846] [bmv2] [D] [thread 37401] [15.0] [cxt 0] Dropping packet at the end of ingress
[19:11:46.104] [bmv2] [D] [thread 37401] [16.0] [cxt 0] Processing packet received on port 1
[19:11:46.104] [bmv2] [D] [thread 37401] [16.0] [cxt 0] Parser 'parser': start
[19:11:46.104] [bmv2] [D] [thread 37401] [16.0] [cxt 0] Parser 'parser' entering state 'start'
[19:11:46.104] [bmv2] [D] [thread 37401] [16.0] [cxt 0] Extracting header 'ethernet'
[19:11:46.104] [bmv2] [D] [thread 37401] [16.0] [cxt 0] Parser state 'start': key is 86dd
[19:11:46.104] [bmv2] [T] [thread 37401] [16.0] [cxt 0] Bytes parsed: 14
[19:11:46.104] [bmv2] [D] [thread 37401] [16.0] [cxt 0] Parser 'parser': end
[19:11:46.104] [bmv2] [D] [thread 37401] [16.0] [cxt 0] Pipeline 'ingress': start
[19:11:46.104] [bmv2] [T] [thread 37401] [16.0] [cxt 0] decision_tree.p4(154) Condition "hdr.ipv4.isValid()" (node_2) is false
[19:11:46.104] [bmv2] [T] [thread 37401] [16.0] [cxt 0] Applying table 'MyIngress.ipv4_exact'
[19:11:46.104] [bmv2] [D] [thread 37401] [16.0] [cxt 0] Looking up key:
* meta.action_select1 : 0000

[19:11:46.104] [bmv2] [D] [thread 37401] [16.0] [cxt 0] Table 'MyIngress.ipv4_exact': miss
[19:11:46.104] [bmv2] [D] [thread 37401] [16.0] [cxt 0] Action entry is MyIngress.drop - 
[19:11:46.104] [bmv2] [T] [thread 37401] [16.0] [cxt 0] Action MyIngress.drop
[19:11:46.104] [bmv2] [T] [thread 37401] [16.0] [cxt 0] decision_tree.p4(113) Primitive mark_to_drop(standard_metadata)
[19:11:46.104] [bmv2] [D] [thread 37401] [16.0] [cxt 0] Pipeline 'ingress': end
[19:11:46.104] [bmv2] [D] [thread 37401] [16.0] [cxt 0] Egress port is 511
[19:11:46.104] [bmv2] [D] [thread 37401] [16.0] [cxt 0] Dropping packet at the end of ingress
[19:11:46.358] [bmv2] [D] [thread 37401] [17.0] [cxt 0] Processing packet received on port 2
[19:11:46.358] [bmv2] [D] [thread 37401] [17.0] [cxt 0] Parser 'parser': start
[19:11:46.358] [bmv2] [D] [thread 37401] [17.0] [cxt 0] Parser 'parser' entering state 'start'
[19:11:46.358] [bmv2] [D] [thread 37401] [17.0] [cxt 0] Extracting header 'ethernet'
[19:11:46.358] [bmv2] [D] [thread 37401] [17.0] [cxt 0] Parser state 'start': key is 86dd
[19:11:46.358] [bmv2] [T] [thread 37401] [17.0] [cxt 0] Bytes parsed: 14
[19:11:46.358] [bmv2] [D] [thread 37401] [17.0] [cxt 0] Parser 'parser': end
[19:11:46.358] [bmv2] [D] [thread 37401] [17.0] [cxt 0] Pipeline 'ingress': start
[19:11:46.358] [bmv2] [T] [thread 37401] [17.0] [cxt 0] decision_tree.p4(154) Condition "hdr.ipv4.isValid()" (node_2) is false
[19:11:46.358] [bmv2] [T] [thread 37401] [17.0] [cxt 0] Applying table 'MyIngress.ipv4_exact'
[19:11:46.358] [bmv2] [D] [thread 37401] [17.0] [cxt 0] Looking up key:
* meta.action_select1 : 0000

[19:11:46.359] [bmv2] [D] [thread 37401] [17.0] [cxt 0] Table 'MyIngress.ipv4_exact': miss
[19:11:46.359] [bmv2] [D] [thread 37401] [17.0] [cxt 0] Action entry is MyIngress.drop - 
[19:11:46.359] [bmv2] [T] [thread 37401] [17.0] [cxt 0] Action MyIngress.drop
[19:11:46.359] [bmv2] [T] [thread 37401] [17.0] [cxt 0] decision_tree.p4(113) Primitive mark_to_drop(standard_metadata)
[19:11:46.359] [bmv2] [D] [thread 37401] [17.0] [cxt 0] Pipeline 'ingress': end
[19:11:46.359] [bmv2] [D] [thread 37401] [17.0] [cxt 0] Egress port is 511
[19:11:46.359] [bmv2] [D] [thread 37401] [17.0] [cxt 0] Dropping packet at the end of ingress
[19:11:53.019] [bmv2] [D] [thread 37401] [18.0] [cxt 0] Processing packet received on port 3
[19:11:53.019] [bmv2] [D] [thread 37401] [18.0] [cxt 0] Parser 'parser': start
[19:11:53.019] [bmv2] [D] [thread 37401] [18.0] [cxt 0] Parser 'parser' entering state 'start'
[19:11:53.019] [bmv2] [D] [thread 37401] [18.0] [cxt 0] Extracting header 'ethernet'
[19:11:53.019] [bmv2] [D] [thread 37401] [18.0] [cxt 0] Parser state 'start': key is 86dd
[19:11:53.019] [bmv2] [T] [thread 37401] [18.0] [cxt 0] Bytes parsed: 14
[19:11:53.019] [bmv2] [D] [thread 37401] [18.0] [cxt 0] Parser 'parser': end
[19:11:53.019] [bmv2] [D] [thread 37401] [18.0] [cxt 0] Pipeline 'ingress': start
[19:11:53.019] [bmv2] [T] [thread 37401] [18.0] [cxt 0] decision_tree.p4(154) Condition "hdr.ipv4.isValid()" (node_2) is false
[19:11:53.019] [bmv2] [T] [thread 37401] [18.0] [cxt 0] Applying table 'MyIngress.ipv4_exact'
[19:11:53.019] [bmv2] [D] [thread 37401] [18.0] [cxt 0] Looking up key:
* meta.action_select1 : 0000

[19:11:53.019] [bmv2] [D] [thread 37401] [18.0] [cxt 0] Table 'MyIngress.ipv4_exact': miss
[19:11:53.019] [bmv2] [D] [thread 37401] [18.0] [cxt 0] Action entry is MyIngress.drop - 
[19:11:53.019] [bmv2] [T] [thread 37401] [18.0] [cxt 0] Action MyIngress.drop
[19:11:53.019] [bmv2] [T] [thread 37401] [18.0] [cxt 0] decision_tree.p4(113) Primitive mark_to_drop(standard_metadata)
[19:11:53.019] [bmv2] [D] [thread 37401] [18.0] [cxt 0] Pipeline 'ingress': end
[19:11:53.019] [bmv2] [D] [thread 37401] [18.0] [cxt 0] Egress port is 511
[19:11:53.019] [bmv2] [D] [thread 37401] [18.0] [cxt 0] Dropping packet at the end of ingress
[19:11:53.545] [bmv2] [D] [thread 37401] [19.0] [cxt 0] Processing packet received on port 2
[19:11:53.545] [bmv2] [D] [thread 37401] [19.0] [cxt 0] Parser 'parser': start
[19:11:53.545] [bmv2] [D] [thread 37401] [19.0] [cxt 0] Parser 'parser' entering state 'start'
[19:11:53.545] [bmv2] [D] [thread 37401] [19.0] [cxt 0] Extracting header 'ethernet'
[19:11:53.545] [bmv2] [D] [thread 37401] [19.0] [cxt 0] Parser state 'start': key is 86dd
[19:11:53.545] [bmv2] [T] [thread 37401] [19.0] [cxt 0] Bytes parsed: 14
[19:11:53.545] [bmv2] [D] [thread 37401] [19.0] [cxt 0] Parser 'parser': end
[19:11:53.545] [bmv2] [D] [thread 37401] [19.0] [cxt 0] Pipeline 'ingress': start
[19:11:53.545] [bmv2] [T] [thread 37401] [19.0] [cxt 0] decision_tree.p4(154) Condition "hdr.ipv4.isValid()" (node_2) is false
[19:11:53.545] [bmv2] [T] [thread 37401] [19.0] [cxt 0] Applying table 'MyIngress.ipv4_exact'
[19:11:53.545] [bmv2] [D] [thread 37401] [19.0] [cxt 0] Looking up key:
* meta.action_select1 : 0000

[19:11:53.545] [bmv2] [D] [thread 37401] [19.0] [cxt 0] Table 'MyIngress.ipv4_exact': miss
[19:11:53.545] [bmv2] [D] [thread 37401] [19.0] [cxt 0] Action entry is MyIngress.drop - 
[19:11:53.545] [bmv2] [T] [thread 37401] [19.0] [cxt 0] Action MyIngress.drop
[19:11:53.545] [bmv2] [T] [thread 37401] [19.0] [cxt 0] decision_tree.p4(113) Primitive mark_to_drop(standard_metadata)
[19:11:53.545] [bmv2] [D] [thread 37401] [19.0] [cxt 0] Pipeline 'ingress': end
[19:11:53.545] [bmv2] [D] [thread 37401] [19.0] [cxt 0] Egress port is 511
[19:11:53.545] [bmv2] [D] [thread 37401] [19.0] [cxt 0] Dropping packet at the end of ingress
[19:11:53.782] [bmv2] [D] [thread 37401] [20.0] [cxt 0] Processing packet received on port 3
[19:11:53.782] [bmv2] [D] [thread 37401] [20.0] [cxt 0] Parser 'parser': start
[19:11:53.782] [bmv2] [D] [thread 37401] [20.0] [cxt 0] Parser 'parser' entering state 'start'
[19:11:53.782] [bmv2] [D] [thread 37401] [20.0] [cxt 0] Extracting header 'ethernet'
[19:11:53.782] [bmv2] [D] [thread 37401] [20.0] [cxt 0] Parser state 'start': key is 86dd
[19:11:53.782] [bmv2] [T] [thread 37401] [20.0] [cxt 0] Bytes parsed: 14
[19:11:53.782] [bmv2] [D] [thread 37401] [20.0] [cxt 0] Parser 'parser': end
[19:11:53.782] [bmv2] [D] [thread 37401] [20.0] [cxt 0] Pipeline 'ingress': start
[19:11:53.782] [bmv2] [T] [thread 37401] [20.0] [cxt 0] decision_tree.p4(154) Condition "hdr.ipv4.isValid()" (node_2) is false
[19:11:53.782] [bmv2] [T] [thread 37401] [20.0] [cxt 0] Applying table 'MyIngress.ipv4_exact'
[19:11:53.782] [bmv2] [D] [thread 37401] [20.0] [cxt 0] Looking up key:
* meta.action_select1 : 0000

[19:11:53.782] [bmv2] [D] [thread 37401] [20.0] [cxt 0] Table 'MyIngress.ipv4_exact': miss
[19:11:53.782] [bmv2] [D] [thread 37401] [20.0] [cxt 0] Action entry is MyIngress.drop - 
[19:11:53.782] [bmv2] [T] [thread 37401] [20.0] [cxt 0] Action MyIngress.drop
[19:11:53.782] [bmv2] [T] [thread 37401] [20.0] [cxt 0] decision_tree.p4(113) Primitive mark_to_drop(standard_metadata)
[19:11:53.782] [bmv2] [D] [thread 37401] [20.0] [cxt 0] Pipeline 'ingress': end
[19:11:53.782] [bmv2] [D] [thread 37401] [20.0] [cxt 0] Egress port is 511
[19:11:53.782] [bmv2] [D] [thread 37401] [20.0] [cxt 0] Dropping packet at the end of ingress
[19:11:54.070] [bmv2] [D] [thread 37401] [21.0] [cxt 0] Processing packet received on port 1
[19:11:54.070] [bmv2] [D] [thread 37401] [21.0] [cxt 0] Parser 'parser': start
[19:11:54.070] [bmv2] [D] [thread 37401] [21.0] [cxt 0] Parser 'parser' entering state 'start'
[19:11:54.070] [bmv2] [D] [thread 37401] [21.0] [cxt 0] Extracting header 'ethernet'
[19:11:54.070] [bmv2] [D] [thread 37401] [21.0] [cxt 0] Parser state 'start': key is 86dd
[19:11:54.070] [bmv2] [T] [thread 37401] [21.0] [cxt 0] Bytes parsed: 14
[19:11:54.070] [bmv2] [D] [thread 37401] [21.0] [cxt 0] Parser 'parser': end
[19:11:54.070] [bmv2] [D] [thread 37401] [21.0] [cxt 0] Pipeline 'ingress': start
[19:11:54.070] [bmv2] [T] [thread 37401] [21.0] [cxt 0] decision_tree.p4(154) Condition "hdr.ipv4.isValid()" (node_2) is false
[19:11:54.070] [bmv2] [T] [thread 37401] [21.0] [cxt 0] Applying table 'MyIngress.ipv4_exact'
[19:11:54.070] [bmv2] [D] [thread 37401] [21.0] [cxt 0] Looking up key:
* meta.action_select1 : 0000

[19:11:54.070] [bmv2] [D] [thread 37401] [21.0] [cxt 0] Table 'MyIngress.ipv4_exact': miss
[19:11:54.070] [bmv2] [D] [thread 37401] [21.0] [cxt 0] Action entry is MyIngress.drop - 
[19:11:54.070] [bmv2] [T] [thread 37401] [21.0] [cxt 0] Action MyIngress.drop
[19:11:54.070] [bmv2] [T] [thread 37401] [21.0] [cxt 0] decision_tree.p4(113) Primitive mark_to_drop(standard_metadata)
[19:11:54.070] [bmv2] [D] [thread 37401] [21.0] [cxt 0] Pipeline 'ingress': end
[19:11:54.070] [bmv2] [D] [thread 37401] [21.0] [cxt 0] Egress port is 511
[19:11:54.070] [bmv2] [D] [thread 37401] [21.0] [cxt 0] Dropping packet at the end of ingress
[19:11:55.326] [bmv2] [D] [thread 37401] [22.0] [cxt 0] Processing packet received on port 2
[19:11:55.326] [bmv2] [D] [thread 37401] [22.0] [cxt 0] Parser 'parser': start
[19:11:55.326] [bmv2] [D] [thread 37401] [22.0] [cxt 0] Parser 'parser' entering state 'start'
[19:11:55.326] [bmv2] [D] [thread 37401] [22.0] [cxt 0] Extracting header 'ethernet'
[19:11:55.326] [bmv2] [D] [thread 37401] [22.0] [cxt 0] Parser state 'start': key is 86dd
[19:11:55.326] [bmv2] [T] [thread 37401] [22.0] [cxt 0] Bytes parsed: 14
[19:11:55.326] [bmv2] [D] [thread 37401] [22.0] [cxt 0] Parser 'parser': end
[19:11:55.326] [bmv2] [D] [thread 37401] [22.0] [cxt 0] Pipeline 'ingress': start
[19:11:55.326] [bmv2] [T] [thread 37401] [22.0] [cxt 0] decision_tree.p4(154) Condition "hdr.ipv4.isValid()" (node_2) is false
[19:11:55.326] [bmv2] [T] [thread 37401] [22.0] [cxt 0] Applying table 'MyIngress.ipv4_exact'
[19:11:55.326] [bmv2] [D] [thread 37401] [22.0] [cxt 0] Looking up key:
* meta.action_select1 : 0000

[19:11:55.326] [bmv2] [D] [thread 37401] [22.0] [cxt 0] Table 'MyIngress.ipv4_exact': miss
[19:11:55.326] [bmv2] [D] [thread 37401] [22.0] [cxt 0] Action entry is MyIngress.drop - 
[19:11:55.326] [bmv2] [T] [thread 37401] [22.0] [cxt 0] Action MyIngress.drop
[19:11:55.326] [bmv2] [T] [thread 37401] [22.0] [cxt 0] decision_tree.p4(113) Primitive mark_to_drop(standard_metadata)
[19:11:55.326] [bmv2] [D] [thread 37401] [22.0] [cxt 0] Pipeline 'ingress': end
[19:11:55.326] [bmv2] [D] [thread 37401] [22.0] [cxt 0] Egress port is 511
[19:11:55.326] [bmv2] [D] [thread 37401] [22.0] [cxt 0] Dropping packet at the end of ingress
[19:12:07.350] [bmv2] [D] [thread 37401] [23.0] [cxt 0] Processing packet received on port 3
[19:12:07.350] [bmv2] [D] [thread 37401] [23.0] [cxt 0] Parser 'parser': start
[19:12:07.350] [bmv2] [D] [thread 37401] [23.0] [cxt 0] Parser 'parser' entering state 'start'
[19:12:07.350] [bmv2] [D] [thread 37401] [23.0] [cxt 0] Extracting header 'ethernet'
[19:12:07.350] [bmv2] [D] [thread 37401] [23.0] [cxt 0] Parser state 'start': key is 86dd
[19:12:07.350] [bmv2] [T] [thread 37401] [23.0] [cxt 0] Bytes parsed: 14
[19:12:07.350] [bmv2] [D] [thread 37401] [23.0] [cxt 0] Parser 'parser': end
[19:12:07.350] [bmv2] [D] [thread 37401] [23.0] [cxt 0] Pipeline 'ingress': start
[19:12:07.350] [bmv2] [T] [thread 37401] [23.0] [cxt 0] decision_tree.p4(154) Condition "hdr.ipv4.isValid()" (node_2) is false
[19:12:07.350] [bmv2] [T] [thread 37401] [23.0] [cxt 0] Applying table 'MyIngress.ipv4_exact'
[19:12:07.350] [bmv2] [D] [thread 37401] [23.0] [cxt 0] Looking up key:
* meta.action_select1 : 0000

[19:12:07.350] [bmv2] [D] [thread 37401] [23.0] [cxt 0] Table 'MyIngress.ipv4_exact': miss
[19:12:07.350] [bmv2] [D] [thread 37401] [23.0] [cxt 0] Action entry is MyIngress.drop - 
[19:12:07.350] [bmv2] [T] [thread 37401] [23.0] [cxt 0] Action MyIngress.drop
[19:12:07.350] [bmv2] [T] [thread 37401] [23.0] [cxt 0] decision_tree.p4(113) Primitive mark_to_drop(standard_metadata)
[19:12:07.350] [bmv2] [D] [thread 37401] [23.0] [cxt 0] Pipeline 'ingress': end
[19:12:07.350] [bmv2] [D] [thread 37401] [23.0] [cxt 0] Egress port is 511
[19:12:07.350] [bmv2] [D] [thread 37401] [23.0] [cxt 0] Dropping packet at the end of ingress
[19:12:09.142] [bmv2] [D] [thread 37401] [24.0] [cxt 0] Processing packet received on port 3
[19:12:09.142] [bmv2] [D] [thread 37401] [24.0] [cxt 0] Parser 'parser': start
[19:12:09.142] [bmv2] [D] [thread 37401] [24.0] [cxt 0] Parser 'parser' entering state 'start'
[19:12:09.142] [bmv2] [D] [thread 37401] [24.0] [cxt 0] Extracting header 'ethernet'
[19:12:09.142] [bmv2] [D] [thread 37401] [24.0] [cxt 0] Parser state 'start': key is 86dd
[19:12:09.142] [bmv2] [T] [thread 37401] [24.0] [cxt 0] Bytes parsed: 14
[19:12:09.142] [bmv2] [D] [thread 37401] [24.0] [cxt 0] Parser 'parser': end
[19:12:09.142] [bmv2] [D] [thread 37401] [24.0] [cxt 0] Pipeline 'ingress': start
[19:12:09.142] [bmv2] [T] [thread 37401] [24.0] [cxt 0] decision_tree.p4(154) Condition "hdr.ipv4.isValid()" (node_2) is false
[19:12:09.142] [bmv2] [T] [thread 37401] [24.0] [cxt 0] Applying table 'MyIngress.ipv4_exact'
[19:12:09.142] [bmv2] [D] [thread 37401] [24.0] [cxt 0] Looking up key:
* meta.action_select1 : 0000

[19:12:09.142] [bmv2] [D] [thread 37401] [24.0] [cxt 0] Table 'MyIngress.ipv4_exact': miss
[19:12:09.142] [bmv2] [D] [thread 37401] [24.0] [cxt 0] Action entry is MyIngress.drop - 
[19:12:09.142] [bmv2] [T] [thread 37401] [24.0] [cxt 0] Action MyIngress.drop
[19:12:09.142] [bmv2] [T] [thread 37401] [24.0] [cxt 0] decision_tree.p4(113) Primitive mark_to_drop(standard_metadata)
[19:12:09.142] [bmv2] [D] [thread 37401] [24.0] [cxt 0] Pipeline 'ingress': end
[19:12:09.142] [bmv2] [D] [thread 37401] [24.0] [cxt 0] Egress port is 511
[19:12:09.142] [bmv2] [D] [thread 37401] [24.0] [cxt 0] Dropping packet at the end of ingress
[19:12:09.654] [bmv2] [D] [thread 37401] [25.0] [cxt 0] Processing packet received on port 2
[19:12:09.654] [bmv2] [D] [thread 37401] [25.0] [cxt 0] Parser 'parser': start
[19:12:09.654] [bmv2] [D] [thread 37401] [25.0] [cxt 0] Parser 'parser' entering state 'start'
[19:12:09.654] [bmv2] [D] [thread 37401] [25.0] [cxt 0] Extracting header 'ethernet'
[19:12:09.654] [bmv2] [D] [thread 37401] [25.0] [cxt 0] Parser state 'start': key is 86dd
[19:12:09.654] [bmv2] [T] [thread 37401] [25.0] [cxt 0] Bytes parsed: 14
[19:12:09.654] [bmv2] [D] [thread 37401] [25.0] [cxt 0] Parser 'parser': end
[19:12:09.654] [bmv2] [D] [thread 37401] [25.0] [cxt 0] Pipeline 'ingress': start
[19:12:09.654] [bmv2] [T] [thread 37401] [25.0] [cxt 0] decision_tree.p4(154) Condition "hdr.ipv4.isValid()" (node_2) is false
[19:12:09.654] [bmv2] [T] [thread 37401] [25.0] [cxt 0] Applying table 'MyIngress.ipv4_exact'
[19:12:09.654] [bmv2] [D] [thread 37401] [25.0] [cxt 0] Looking up key:
* meta.action_select1 : 0000

[19:12:09.654] [bmv2] [D] [thread 37401] [25.0] [cxt 0] Table 'MyIngress.ipv4_exact': miss
[19:12:09.654] [bmv2] [D] [thread 37401] [25.0] [cxt 0] Action entry is MyIngress.drop - 
[19:12:09.654] [bmv2] [T] [thread 37401] [25.0] [cxt 0] Action MyIngress.drop
[19:12:09.654] [bmv2] [T] [thread 37401] [25.0] [cxt 0] decision_tree.p4(113) Primitive mark_to_drop(standard_metadata)
[19:12:09.654] [bmv2] [D] [thread 37401] [25.0] [cxt 0] Pipeline 'ingress': end
[19:12:09.654] [bmv2] [D] [thread 37401] [25.0] [cxt 0] Egress port is 511
[19:12:09.654] [bmv2] [D] [thread 37401] [25.0] [cxt 0] Dropping packet at the end of ingress
[19:12:10.934] [bmv2] [D] [thread 37401] [26.0] [cxt 0] Processing packet received on port 1
[19:12:10.934] [bmv2] [D] [thread 37401] [26.0] [cxt 0] Parser 'parser': start
[19:12:10.934] [bmv2] [D] [thread 37401] [26.0] [cxt 0] Parser 'parser' entering state 'start'
[19:12:10.934] [bmv2] [D] [thread 37401] [26.0] [cxt 0] Extracting header 'ethernet'
[19:12:10.934] [bmv2] [D] [thread 37401] [26.0] [cxt 0] Parser state 'start': key is 86dd
[19:12:10.934] [bmv2] [T] [thread 37401] [26.0] [cxt 0] Bytes parsed: 14
[19:12:10.934] [bmv2] [D] [thread 37401] [26.0] [cxt 0] Parser 'parser': end
[19:12:10.934] [bmv2] [D] [thread 37401] [26.0] [cxt 0] Pipeline 'ingress': start
[19:12:10.934] [bmv2] [T] [thread 37401] [26.0] [cxt 0] decision_tree.p4(154) Condition "hdr.ipv4.isValid()" (node_2) is false
[19:12:10.934] [bmv2] [T] [thread 37401] [26.0] [cxt 0] Applying table 'MyIngress.ipv4_exact'
[19:12:10.934] [bmv2] [D] [thread 37401] [26.0] [cxt 0] Looking up key:
* meta.action_select1 : 0000

[19:12:10.934] [bmv2] [D] [thread 37401] [26.0] [cxt 0] Table 'MyIngress.ipv4_exact': miss
[19:12:10.934] [bmv2] [D] [thread 37401] [26.0] [cxt 0] Action entry is MyIngress.drop - 
[19:12:10.934] [bmv2] [T] [thread 37401] [26.0] [cxt 0] Action MyIngress.drop
[19:12:10.934] [bmv2] [T] [thread 37401] [26.0] [cxt 0] decision_tree.p4(113) Primitive mark_to_drop(standard_metadata)
[19:12:10.934] [bmv2] [D] [thread 37401] [26.0] [cxt 0] Pipeline 'ingress': end
[19:12:10.934] [bmv2] [D] [thread 37401] [26.0] [cxt 0] Egress port is 511
[19:12:10.934] [bmv2] [D] [thread 37401] [26.0] [cxt 0] Dropping packet at the end of ingress
[19:12:15.035] [bmv2] [D] [thread 37401] [27.0] [cxt 0] Processing packet received on port 2
[19:12:15.035] [bmv2] [D] [thread 37401] [27.0] [cxt 0] Parser 'parser': start
[19:12:15.035] [bmv2] [D] [thread 37401] [27.0] [cxt 0] Parser 'parser' entering state 'start'
[19:12:15.035] [bmv2] [D] [thread 37401] [27.0] [cxt 0] Extracting header 'ethernet'
[19:12:15.035] [bmv2] [D] [thread 37401] [27.0] [cxt 0] Parser state 'start': key is 86dd
[19:12:15.035] [bmv2] [T] [thread 37401] [27.0] [cxt 0] Bytes parsed: 14
[19:12:15.035] [bmv2] [D] [thread 37401] [27.0] [cxt 0] Parser 'parser': end
[19:12:15.035] [bmv2] [D] [thread 37401] [27.0] [cxt 0] Pipeline 'ingress': start
[19:12:15.035] [bmv2] [T] [thread 37401] [27.0] [cxt 0] decision_tree.p4(154) Condition "hdr.ipv4.isValid()" (node_2) is false
[19:12:15.035] [bmv2] [T] [thread 37401] [27.0] [cxt 0] Applying table 'MyIngress.ipv4_exact'
[19:12:15.035] [bmv2] [D] [thread 37401] [27.0] [cxt 0] Looking up key:
* meta.action_select1 : 0000

[19:12:15.035] [bmv2] [D] [thread 37401] [27.0] [cxt 0] Table 'MyIngress.ipv4_exact': miss
[19:12:15.035] [bmv2] [D] [thread 37401] [27.0] [cxt 0] Action entry is MyIngress.drop - 
[19:12:15.035] [bmv2] [T] [thread 37401] [27.0] [cxt 0] Action MyIngress.drop
[19:12:15.035] [bmv2] [T] [thread 37401] [27.0] [cxt 0] decision_tree.p4(113) Primitive mark_to_drop(standard_metadata)
[19:12:15.035] [bmv2] [D] [thread 37401] [27.0] [cxt 0] Pipeline 'ingress': end
[19:12:15.035] [bmv2] [D] [thread 37401] [27.0] [cxt 0] Egress port is 511
[19:12:15.035] [bmv2] [D] [thread 37401] [27.0] [cxt 0] Dropping packet at the end of ingress
[19:12:37.559] [bmv2] [D] [thread 37401] [28.0] [cxt 0] Processing packet received on port 3
[19:12:37.559] [bmv2] [D] [thread 37401] [28.0] [cxt 0] Parser 'parser': start
[19:12:37.559] [bmv2] [D] [thread 37401] [28.0] [cxt 0] Parser 'parser' entering state 'start'
[19:12:37.559] [bmv2] [D] [thread 37401] [28.0] [cxt 0] Extracting header 'ethernet'
[19:12:37.559] [bmv2] [D] [thread 37401] [28.0] [cxt 0] Parser state 'start': key is 86dd
[19:12:37.559] [bmv2] [T] [thread 37401] [28.0] [cxt 0] Bytes parsed: 14
[19:12:37.559] [bmv2] [D] [thread 37401] [28.0] [cxt 0] Parser 'parser': end
[19:12:37.559] [bmv2] [D] [thread 37401] [28.0] [cxt 0] Pipeline 'ingress': start
[19:12:37.559] [bmv2] [T] [thread 37401] [28.0] [cxt 0] decision_tree.p4(154) Condition "hdr.ipv4.isValid()" (node_2) is false
[19:12:37.559] [bmv2] [T] [thread 37401] [28.0] [cxt 0] Applying table 'MyIngress.ipv4_exact'
[19:12:37.559] [bmv2] [D] [thread 37401] [28.0] [cxt 0] Looking up key:
* meta.action_select1 : 0000

[19:12:37.559] [bmv2] [D] [thread 37401] [28.0] [cxt 0] Table 'MyIngress.ipv4_exact': miss
[19:12:37.559] [bmv2] [D] [thread 37401] [28.0] [cxt 0] Action entry is MyIngress.drop - 
[19:12:37.559] [bmv2] [T] [thread 37401] [28.0] [cxt 0] Action MyIngress.drop
[19:12:37.559] [bmv2] [T] [thread 37401] [28.0] [cxt 0] decision_tree.p4(113) Primitive mark_to_drop(standard_metadata)
[19:12:37.559] [bmv2] [D] [thread 37401] [28.0] [cxt 0] Pipeline 'ingress': end
[19:12:37.559] [bmv2] [D] [thread 37401] [28.0] [cxt 0] Egress port is 511
[19:12:37.559] [bmv2] [D] [thread 37401] [28.0] [cxt 0] Dropping packet at the end of ingress
[19:12:41.654] [bmv2] [D] [thread 37401] [29.0] [cxt 0] Processing packet received on port 3
[19:12:41.654] [bmv2] [D] [thread 37401] [29.0] [cxt 0] Parser 'parser': start
[19:12:41.654] [bmv2] [D] [thread 37401] [29.0] [cxt 0] Parser 'parser' entering state 'start'
[19:12:41.654] [bmv2] [D] [thread 37401] [29.0] [cxt 0] Extracting header 'ethernet'
[19:12:41.654] [bmv2] [D] [thread 37401] [29.0] [cxt 0] Parser state 'start': key is 86dd
[19:12:41.654] [bmv2] [T] [thread 37401] [29.0] [cxt 0] Bytes parsed: 14
[19:12:41.654] [bmv2] [D] [thread 37401] [29.0] [cxt 0] Parser 'parser': end
[19:12:41.654] [bmv2] [D] [thread 37401] [29.0] [cxt 0] Pipeline 'ingress': start
[19:12:41.654] [bmv2] [T] [thread 37401] [29.0] [cxt 0] decision_tree.p4(154) Condition "hdr.ipv4.isValid()" (node_2) is false
[19:12:41.654] [bmv2] [T] [thread 37401] [29.0] [cxt 0] Applying table 'MyIngress.ipv4_exact'
[19:12:41.654] [bmv2] [D] [thread 37401] [29.0] [cxt 0] Looking up key:
* meta.action_select1 : 0000

[19:12:41.654] [bmv2] [D] [thread 37401] [29.0] [cxt 0] Table 'MyIngress.ipv4_exact': miss
[19:12:41.654] [bmv2] [D] [thread 37401] [29.0] [cxt 0] Action entry is MyIngress.drop - 
[19:12:41.654] [bmv2] [T] [thread 37401] [29.0] [cxt 0] Action MyIngress.drop
[19:12:41.654] [bmv2] [T] [thread 37401] [29.0] [cxt 0] decision_tree.p4(113) Primitive mark_to_drop(standard_metadata)
[19:12:41.654] [bmv2] [D] [thread 37401] [29.0] [cxt 0] Pipeline 'ingress': end
[19:12:41.654] [bmv2] [D] [thread 37401] [29.0] [cxt 0] Egress port is 511
[19:12:41.654] [bmv2] [D] [thread 37401] [29.0] [cxt 0] Dropping packet at the end of ingress
[19:12:43.702] [bmv2] [D] [thread 37401] [30.0] [cxt 0] Processing packet received on port 1
[19:12:43.702] [bmv2] [D] [thread 37401] [30.0] [cxt 0] Parser 'parser': start
[19:12:43.702] [bmv2] [D] [thread 37401] [30.0] [cxt 0] Parser 'parser' entering state 'start'
[19:12:43.702] [bmv2] [D] [thread 37401] [30.0] [cxt 0] Extracting header 'ethernet'
[19:12:43.702] [bmv2] [D] [thread 37401] [30.0] [cxt 0] Parser state 'start': key is 86dd
[19:12:43.702] [bmv2] [T] [thread 37401] [30.0] [cxt 0] Bytes parsed: 14
[19:12:43.702] [bmv2] [D] [thread 37401] [30.0] [cxt 0] Parser 'parser': end
[19:12:43.702] [bmv2] [D] [thread 37401] [30.0] [cxt 0] Pipeline 'ingress': start
[19:12:43.702] [bmv2] [T] [thread 37401] [30.0] [cxt 0] decision_tree.p4(154) Condition "hdr.ipv4.isValid()" (node_2) is false
[19:12:43.702] [bmv2] [T] [thread 37401] [30.0] [cxt 0] Applying table 'MyIngress.ipv4_exact'
[19:12:43.702] [bmv2] [D] [thread 37401] [30.0] [cxt 0] Looking up key:
* meta.action_select1 : 0000

[19:12:43.702] [bmv2] [D] [thread 37401] [30.0] [cxt 0] Table 'MyIngress.ipv4_exact': miss
[19:12:43.702] [bmv2] [D] [thread 37401] [30.0] [cxt 0] Action entry is MyIngress.drop - 
[19:12:43.702] [bmv2] [T] [thread 37401] [30.0] [cxt 0] Action MyIngress.drop
[19:12:43.702] [bmv2] [T] [thread 37401] [30.0] [cxt 0] decision_tree.p4(113) Primitive mark_to_drop(standard_metadata)
[19:12:43.702] [bmv2] [D] [thread 37401] [30.0] [cxt 0] Pipeline 'ingress': end
[19:12:43.702] [bmv2] [D] [thread 37401] [30.0] [cxt 0] Egress port is 511
[19:12:43.702] [bmv2] [D] [thread 37401] [30.0] [cxt 0] Dropping packet at the end of ingress
[19:12:43.702] [bmv2] [D] [thread 37401] [31.0] [cxt 0] Processing packet received on port 2
[19:12:43.702] [bmv2] [D] [thread 37401] [31.0] [cxt 0] Parser 'parser': start
[19:12:43.702] [bmv2] [D] [thread 37401] [31.0] [cxt 0] Parser 'parser' entering state 'start'
[19:12:43.702] [bmv2] [D] [thread 37401] [31.0] [cxt 0] Extracting header 'ethernet'
[19:12:43.702] [bmv2] [D] [thread 37401] [31.0] [cxt 0] Parser state 'start': key is 86dd
[19:12:43.702] [bmv2] [T] [thread 37401] [31.0] [cxt 0] Bytes parsed: 14
[19:12:43.702] [bmv2] [D] [thread 37401] [31.0] [cxt 0] Parser 'parser': end
[19:12:43.702] [bmv2] [D] [thread 37401] [31.0] [cxt 0] Pipeline 'ingress': start
[19:12:43.702] [bmv2] [T] [thread 37401] [31.0] [cxt 0] decision_tree.p4(154) Condition "hdr.ipv4.isValid()" (node_2) is false
[19:12:43.702] [bmv2] [T] [thread 37401] [31.0] [cxt 0] Applying table 'MyIngress.ipv4_exact'
[19:12:43.702] [bmv2] [D] [thread 37401] [31.0] [cxt 0] Looking up key:
* meta.action_select1 : 0000

[19:12:43.702] [bmv2] [D] [thread 37401] [31.0] [cxt 0] Table 'MyIngress.ipv4_exact': miss
[19:12:43.702] [bmv2] [D] [thread 37401] [31.0] [cxt 0] Action entry is MyIngress.drop - 
[19:12:43.703] [bmv2] [T] [thread 37401] [31.0] [cxt 0] Action MyIngress.drop
[19:12:43.703] [bmv2] [T] [thread 37401] [31.0] [cxt 0] decision_tree.p4(113) Primitive mark_to_drop(standard_metadata)
[19:12:43.703] [bmv2] [D] [thread 37401] [31.0] [cxt 0] Pipeline 'ingress': end
[19:12:43.703] [bmv2] [D] [thread 37401] [31.0] [cxt 0] Egress port is 511
[19:12:43.703] [bmv2] [D] [thread 37401] [31.0] [cxt 0] Dropping packet at the end of ingress
[19:12:51.894] [bmv2] [D] [thread 37401] [32.0] [cxt 0] Processing packet received on port 2
[19:12:51.894] [bmv2] [D] [thread 37401] [32.0] [cxt 0] Parser 'parser': start
[19:12:51.894] [bmv2] [D] [thread 37401] [32.0] [cxt 0] Parser 'parser' entering state 'start'
[19:12:51.894] [bmv2] [D] [thread 37401] [32.0] [cxt 0] Extracting header 'ethernet'
[19:12:51.894] [bmv2] [D] [thread 37401] [32.0] [cxt 0] Parser state 'start': key is 86dd
[19:12:51.894] [bmv2] [T] [thread 37401] [32.0] [cxt 0] Bytes parsed: 14
[19:12:51.894] [bmv2] [D] [thread 37401] [32.0] [cxt 0] Parser 'parser': end
[19:12:51.894] [bmv2] [D] [thread 37401] [32.0] [cxt 0] Pipeline 'ingress': start
[19:12:51.894] [bmv2] [T] [thread 37401] [32.0] [cxt 0] decision_tree.p4(154) Condition "hdr.ipv4.isValid()" (node_2) is false
[19:12:51.894] [bmv2] [T] [thread 37401] [32.0] [cxt 0] Applying table 'MyIngress.ipv4_exact'
[19:12:51.894] [bmv2] [D] [thread 37401] [32.0] [cxt 0] Looking up key:
* meta.action_select1 : 0000

[19:12:51.894] [bmv2] [D] [thread 37401] [32.0] [cxt 0] Table 'MyIngress.ipv4_exact': miss
[19:12:51.894] [bmv2] [D] [thread 37401] [32.0] [cxt 0] Action entry is MyIngress.drop - 
[19:12:51.894] [bmv2] [T] [thread 37401] [32.0] [cxt 0] Action MyIngress.drop
[19:12:51.894] [bmv2] [T] [thread 37401] [32.0] [cxt 0] decision_tree.p4(113) Primitive mark_to_drop(standard_metadata)
[19:12:51.894] [bmv2] [D] [thread 37401] [32.0] [cxt 0] Pipeline 'ingress': end
[19:12:51.894] [bmv2] [D] [thread 37401] [32.0] [cxt 0] Egress port is 511
[19:12:51.894] [bmv2] [D] [thread 37401] [32.0] [cxt 0] Dropping packet at the end of ingress
[19:13:36.949] [bmv2] [D] [thread 37401] [33.0] [cxt 0] Processing packet received on port 3
[19:13:36.949] [bmv2] [D] [thread 37401] [33.0] [cxt 0] Parser 'parser': start
[19:13:36.949] [bmv2] [D] [thread 37401] [33.0] [cxt 0] Parser 'parser' entering state 'start'
[19:13:36.949] [bmv2] [D] [thread 37401] [33.0] [cxt 0] Extracting header 'ethernet'
[19:13:36.950] [bmv2] [D] [thread 37401] [33.0] [cxt 0] Parser state 'start': key is 86dd
[19:13:36.950] [bmv2] [T] [thread 37401] [33.0] [cxt 0] Bytes parsed: 14
[19:13:36.950] [bmv2] [D] [thread 37401] [33.0] [cxt 0] Parser 'parser': end
[19:13:36.950] [bmv2] [D] [thread 37401] [33.0] [cxt 0] Pipeline 'ingress': start
[19:13:36.950] [bmv2] [T] [thread 37401] [33.0] [cxt 0] decision_tree.p4(154) Condition "hdr.ipv4.isValid()" (node_2) is false
[19:13:36.950] [bmv2] [T] [thread 37401] [33.0] [cxt 0] Applying table 'MyIngress.ipv4_exact'
[19:13:36.950] [bmv2] [D] [thread 37401] [33.0] [cxt 0] Looking up key:
* meta.action_select1 : 0000

[19:13:36.950] [bmv2] [D] [thread 37401] [33.0] [cxt 0] Table 'MyIngress.ipv4_exact': miss
[19:13:36.950] [bmv2] [D] [thread 37401] [33.0] [cxt 0] Action entry is MyIngress.drop - 
[19:13:36.950] [bmv2] [T] [thread 37401] [33.0] [cxt 0] Action MyIngress.drop
[19:13:36.950] [bmv2] [T] [thread 37401] [33.0] [cxt 0] decision_tree.p4(113) Primitive mark_to_drop(standard_metadata)
[19:13:36.950] [bmv2] [D] [thread 37401] [33.0] [cxt 0] Pipeline 'ingress': end
[19:13:36.950] [bmv2] [D] [thread 37401] [33.0] [cxt 0] Egress port is 511
[19:13:36.950] [bmv2] [D] [thread 37401] [33.0] [cxt 0] Dropping packet at the end of ingress
[19:13:45.142] [bmv2] [D] [thread 37401] [34.0] [cxt 0] Processing packet received on port 3
[19:13:45.142] [bmv2] [D] [thread 37401] [34.0] [cxt 0] Parser 'parser': start
[19:13:45.142] [bmv2] [D] [thread 37401] [34.0] [cxt 0] Parser 'parser' entering state 'start'
[19:13:45.142] [bmv2] [D] [thread 37401] [34.0] [cxt 0] Extracting header 'ethernet'
[19:13:45.142] [bmv2] [D] [thread 37401] [34.0] [cxt 0] Parser state 'start': key is 86dd
[19:13:45.142] [bmv2] [T] [thread 37401] [34.0] [cxt 0] Bytes parsed: 14
[19:13:45.142] [bmv2] [D] [thread 37401] [34.0] [cxt 0] Parser 'parser': end
[19:13:45.142] [bmv2] [D] [thread 37401] [34.0] [cxt 0] Pipeline 'ingress': start
[19:13:45.142] [bmv2] [T] [thread 37401] [34.0] [cxt 0] decision_tree.p4(154) Condition "hdr.ipv4.isValid()" (node_2) is false
[19:13:45.142] [bmv2] [T] [thread 37401] [34.0] [cxt 0] Applying table 'MyIngress.ipv4_exact'
[19:13:45.142] [bmv2] [D] [thread 37401] [34.0] [cxt 0] Looking up key:
* meta.action_select1 : 0000

[19:13:45.142] [bmv2] [D] [thread 37401] [34.0] [cxt 0] Table 'MyIngress.ipv4_exact': miss
[19:13:45.142] [bmv2] [D] [thread 37401] [34.0] [cxt 0] Action entry is MyIngress.drop - 
[19:13:45.142] [bmv2] [T] [thread 37401] [34.0] [cxt 0] Action MyIngress.drop
[19:13:45.142] [bmv2] [T] [thread 37401] [34.0] [cxt 0] decision_tree.p4(113) Primitive mark_to_drop(standard_metadata)
[19:13:45.142] [bmv2] [D] [thread 37401] [34.0] [cxt 0] Pipeline 'ingress': end
[19:13:45.142] [bmv2] [D] [thread 37401] [34.0] [cxt 0] Egress port is 511
[19:13:45.142] [bmv2] [D] [thread 37401] [34.0] [cxt 0] Dropping packet at the end of ingress
[19:13:51.298] [bmv2] [D] [thread 37401] [35.0] [cxt 0] Processing packet received on port 1
[19:13:51.299] [bmv2] [D] [thread 37401] [35.0] [cxt 0] Parser 'parser': start
[19:13:51.299] [bmv2] [D] [thread 37401] [35.0] [cxt 0] Parser 'parser' entering state 'start'
[19:13:51.299] [bmv2] [D] [thread 37401] [35.0] [cxt 0] Extracting header 'ethernet'
[19:13:51.299] [bmv2] [D] [thread 37401] [35.0] [cxt 0] Parser state 'start': key is 86dd
[19:13:51.299] [bmv2] [T] [thread 37401] [35.0] [cxt 0] Bytes parsed: 14
[19:13:51.299] [bmv2] [D] [thread 37401] [35.0] [cxt 0] Parser 'parser': end
[19:13:51.299] [bmv2] [D] [thread 37401] [35.0] [cxt 0] Pipeline 'ingress': start
[19:13:51.299] [bmv2] [T] [thread 37401] [35.0] [cxt 0] decision_tree.p4(154) Condition "hdr.ipv4.isValid()" (node_2) is false
[19:13:51.299] [bmv2] [T] [thread 37401] [35.0] [cxt 0] Applying table 'MyIngress.ipv4_exact'
[19:13:51.299] [bmv2] [D] [thread 37401] [35.0] [cxt 0] Looking up key:
* meta.action_select1 : 0000

[19:13:51.299] [bmv2] [D] [thread 37401] [35.0] [cxt 0] Table 'MyIngress.ipv4_exact': miss
[19:13:51.299] [bmv2] [D] [thread 37401] [35.0] [cxt 0] Action entry is MyIngress.drop - 
[19:13:51.299] [bmv2] [T] [thread 37401] [35.0] [cxt 0] Action MyIngress.drop
[19:13:51.299] [bmv2] [T] [thread 37401] [35.0] [cxt 0] decision_tree.p4(113) Primitive mark_to_drop(standard_metadata)
[19:13:51.299] [bmv2] [D] [thread 37401] [35.0] [cxt 0] Pipeline 'ingress': end
[19:13:51.299] [bmv2] [D] [thread 37401] [35.0] [cxt 0] Egress port is 511
[19:13:51.299] [bmv2] [D] [thread 37401] [35.0] [cxt 0] Dropping packet at the end of ingress
[19:13:53.339] [bmv2] [D] [thread 37401] [36.0] [cxt 0] Processing packet received on port 2
[19:13:53.340] [bmv2] [D] [thread 37401] [36.0] [cxt 0] Parser 'parser': start
[19:13:53.340] [bmv2] [D] [thread 37401] [36.0] [cxt 0] Parser 'parser' entering state 'start'
[19:13:53.340] [bmv2] [D] [thread 37401] [36.0] [cxt 0] Extracting header 'ethernet'
[19:13:53.340] [bmv2] [D] [thread 37401] [36.0] [cxt 0] Parser state 'start': key is 86dd
[19:13:53.340] [bmv2] [T] [thread 37401] [36.0] [cxt 0] Bytes parsed: 14
[19:13:53.340] [bmv2] [D] [thread 37401] [36.0] [cxt 0] Parser 'parser': end
[19:13:53.340] [bmv2] [D] [thread 37401] [36.0] [cxt 0] Pipeline 'ingress': start
[19:13:53.340] [bmv2] [T] [thread 37401] [36.0] [cxt 0] decision_tree.p4(154) Condition "hdr.ipv4.isValid()" (node_2) is false
[19:13:53.340] [bmv2] [T] [thread 37401] [36.0] [cxt 0] Applying table 'MyIngress.ipv4_exact'
[19:13:53.340] [bmv2] [D] [thread 37401] [36.0] [cxt 0] Looking up key:
* meta.action_select1 : 0000

[19:13:53.340] [bmv2] [D] [thread 37401] [36.0] [cxt 0] Table 'MyIngress.ipv4_exact': miss
[19:13:53.340] [bmv2] [D] [thread 37401] [36.0] [cxt 0] Action entry is MyIngress.drop - 
[19:13:53.340] [bmv2] [T] [thread 37401] [36.0] [cxt 0] Action MyIngress.drop
[19:13:53.340] [bmv2] [T] [thread 37401] [36.0] [cxt 0] decision_tree.p4(113) Primitive mark_to_drop(standard_metadata)
[19:13:53.340] [bmv2] [D] [thread 37401] [36.0] [cxt 0] Pipeline 'ingress': end
[19:13:53.340] [bmv2] [D] [thread 37401] [36.0] [cxt 0] Egress port is 511
[19:13:53.340] [bmv2] [D] [thread 37401] [36.0] [cxt 0] Dropping packet at the end of ingress
[19:14:05.622] [bmv2] [D] [thread 37401] [37.0] [cxt 0] Processing packet received on port 2
[19:14:05.622] [bmv2] [D] [thread 37401] [37.0] [cxt 0] Parser 'parser': start
[19:14:05.622] [bmv2] [D] [thread 37401] [37.0] [cxt 0] Parser 'parser' entering state 'start'
[19:14:05.622] [bmv2] [D] [thread 37401] [37.0] [cxt 0] Extracting header 'ethernet'
[19:14:05.622] [bmv2] [D] [thread 37401] [37.0] [cxt 0] Parser state 'start': key is 86dd
[19:14:05.622] [bmv2] [T] [thread 37401] [37.0] [cxt 0] Bytes parsed: 14
[19:14:05.622] [bmv2] [D] [thread 37401] [37.0] [cxt 0] Parser 'parser': end
[19:14:05.622] [bmv2] [D] [thread 37401] [37.0] [cxt 0] Pipeline 'ingress': start
[19:14:05.622] [bmv2] [T] [thread 37401] [37.0] [cxt 0] decision_tree.p4(154) Condition "hdr.ipv4.isValid()" (node_2) is false
[19:14:05.622] [bmv2] [T] [thread 37401] [37.0] [cxt 0] Applying table 'MyIngress.ipv4_exact'
[19:14:05.622] [bmv2] [D] [thread 37401] [37.0] [cxt 0] Looking up key:
* meta.action_select1 : 0000

[19:14:05.622] [bmv2] [D] [thread 37401] [37.0] [cxt 0] Table 'MyIngress.ipv4_exact': miss
[19:14:05.622] [bmv2] [D] [thread 37401] [37.0] [cxt 0] Action entry is MyIngress.drop - 
[19:14:05.622] [bmv2] [T] [thread 37401] [37.0] [cxt 0] Action MyIngress.drop
[19:14:05.622] [bmv2] [T] [thread 37401] [37.0] [cxt 0] decision_tree.p4(113) Primitive mark_to_drop(standard_metadata)
[19:14:05.622] [bmv2] [D] [thread 37401] [37.0] [cxt 0] Pipeline 'ingress': end
[19:14:05.622] [bmv2] [D] [thread 37401] [37.0] [cxt 0] Egress port is 511
[19:14:05.622] [bmv2] [D] [thread 37401] [37.0] [cxt 0] Dropping packet at the end of ingress
[19:15:33.697] [bmv2] [D] [thread 37401] [38.0] [cxt 0] Processing packet received on port 3
[19:15:33.697] [bmv2] [D] [thread 37401] [38.0] [cxt 0] Parser 'parser': start
[19:15:33.697] [bmv2] [D] [thread 37401] [38.0] [cxt 0] Parser 'parser' entering state 'start'
[19:15:33.697] [bmv2] [D] [thread 37401] [38.0] [cxt 0] Extracting header 'ethernet'
[19:15:33.698] [bmv2] [D] [thread 37401] [38.0] [cxt 0] Parser state 'start': key is 86dd
[19:15:33.698] [bmv2] [T] [thread 37401] [38.0] [cxt 0] Bytes parsed: 14
[19:15:33.698] [bmv2] [D] [thread 37401] [38.0] [cxt 0] Parser 'parser': end
[19:15:33.698] [bmv2] [D] [thread 37401] [38.0] [cxt 0] Pipeline 'ingress': start
[19:15:33.698] [bmv2] [T] [thread 37401] [38.0] [cxt 0] decision_tree.p4(154) Condition "hdr.ipv4.isValid()" (node_2) is false
[19:15:33.698] [bmv2] [T] [thread 37401] [38.0] [cxt 0] Applying table 'MyIngress.ipv4_exact'
[19:15:33.698] [bmv2] [D] [thread 37401] [38.0] [cxt 0] Looking up key:
* meta.action_select1 : 0000

[19:15:33.698] [bmv2] [D] [thread 37401] [38.0] [cxt 0] Table 'MyIngress.ipv4_exact': miss
[19:15:33.698] [bmv2] [D] [thread 37401] [38.0] [cxt 0] Action entry is MyIngress.drop - 
[19:15:33.698] [bmv2] [T] [thread 37401] [38.0] [cxt 0] Action MyIngress.drop
[19:15:33.698] [bmv2] [T] [thread 37401] [38.0] [cxt 0] decision_tree.p4(113) Primitive mark_to_drop(standard_metadata)
[19:15:33.698] [bmv2] [D] [thread 37401] [38.0] [cxt 0] Pipeline 'ingress': end
[19:15:33.698] [bmv2] [D] [thread 37401] [38.0] [cxt 0] Egress port is 511
[19:15:33.698] [bmv2] [D] [thread 37401] [38.0] [cxt 0] Dropping packet at the end of ingress
[19:15:54.166] [bmv2] [D] [thread 37401] [39.0] [cxt 0] Processing packet received on port 3
[19:15:54.166] [bmv2] [D] [thread 37401] [39.0] [cxt 0] Parser 'parser': start
[19:15:54.166] [bmv2] [D] [thread 37401] [39.0] [cxt 0] Parser 'parser' entering state 'start'
[19:15:54.166] [bmv2] [D] [thread 37401] [39.0] [cxt 0] Extracting header 'ethernet'
[19:15:54.166] [bmv2] [D] [thread 37401] [39.0] [cxt 0] Parser state 'start': key is 86dd
[19:15:54.166] [bmv2] [T] [thread 37401] [39.0] [cxt 0] Bytes parsed: 14
[19:15:54.166] [bmv2] [D] [thread 37401] [39.0] [cxt 0] Parser 'parser': end
[19:15:54.166] [bmv2] [D] [thread 37401] [39.0] [cxt 0] Pipeline 'ingress': start
[19:15:54.166] [bmv2] [T] [thread 37401] [39.0] [cxt 0] decision_tree.p4(154) Condition "hdr.ipv4.isValid()" (node_2) is false
[19:15:54.166] [bmv2] [T] [thread 37401] [39.0] [cxt 0] Applying table 'MyIngress.ipv4_exact'
[19:15:54.166] [bmv2] [D] [thread 37401] [39.0] [cxt 0] Looking up key:
* meta.action_select1 : 0000

[19:15:54.166] [bmv2] [D] [thread 37401] [39.0] [cxt 0] Table 'MyIngress.ipv4_exact': miss
[19:15:54.166] [bmv2] [D] [thread 37401] [39.0] [cxt 0] Action entry is MyIngress.drop - 
[19:15:54.166] [bmv2] [T] [thread 37401] [39.0] [cxt 0] Action MyIngress.drop
[19:15:54.166] [bmv2] [T] [thread 37401] [39.0] [cxt 0] decision_tree.p4(113) Primitive mark_to_drop(standard_metadata)
[19:15:54.166] [bmv2] [D] [thread 37401] [39.0] [cxt 0] Pipeline 'ingress': end
[19:15:54.166] [bmv2] [D] [thread 37401] [39.0] [cxt 0] Egress port is 511
[19:15:54.166] [bmv2] [D] [thread 37401] [39.0] [cxt 0] Dropping packet at the end of ingress
[19:15:58.269] [bmv2] [D] [thread 37401] [40.0] [cxt 0] Processing packet received on port 1
[19:15:58.270] [bmv2] [D] [thread 37401] [40.0] [cxt 0] Parser 'parser': start
[19:15:58.270] [bmv2] [D] [thread 37401] [40.0] [cxt 0] Parser 'parser' entering state 'start'
[19:15:58.270] [bmv2] [D] [thread 37401] [40.0] [cxt 0] Extracting header 'ethernet'
[19:15:58.270] [bmv2] [D] [thread 37401] [40.0] [cxt 0] Parser state 'start': key is 86dd
[19:15:58.270] [bmv2] [T] [thread 37401] [40.0] [cxt 0] Bytes parsed: 14
[19:15:58.270] [bmv2] [D] [thread 37401] [40.0] [cxt 0] Parser 'parser': end
[19:15:58.270] [bmv2] [D] [thread 37401] [40.0] [cxt 0] Pipeline 'ingress': start
[19:15:58.270] [bmv2] [T] [thread 37401] [40.0] [cxt 0] decision_tree.p4(154) Condition "hdr.ipv4.isValid()" (node_2) is false
[19:15:58.270] [bmv2] [T] [thread 37401] [40.0] [cxt 0] Applying table 'MyIngress.ipv4_exact'
[19:15:58.270] [bmv2] [D] [thread 37401] [40.0] [cxt 0] Looking up key:
* meta.action_select1 : 0000

[19:15:58.270] [bmv2] [D] [thread 37401] [40.0] [cxt 0] Table 'MyIngress.ipv4_exact': miss
[19:15:58.270] [bmv2] [D] [thread 37401] [40.0] [cxt 0] Action entry is MyIngress.drop - 
[19:15:58.270] [bmv2] [T] [thread 37401] [40.0] [cxt 0] Action MyIngress.drop
[19:15:58.270] [bmv2] [T] [thread 37401] [40.0] [cxt 0] decision_tree.p4(113) Primitive mark_to_drop(standard_metadata)
[19:15:58.270] [bmv2] [D] [thread 37401] [40.0] [cxt 0] Pipeline 'ingress': end
[19:15:58.270] [bmv2] [D] [thread 37401] [40.0] [cxt 0] Egress port is 511
[19:15:58.270] [bmv2] [D] [thread 37401] [40.0] [cxt 0] Dropping packet at the end of ingress
[19:16:28.989] [bmv2] [D] [thread 37401] [41.0] [cxt 0] Processing packet received on port 2
[19:16:28.989] [bmv2] [D] [thread 37401] [41.0] [cxt 0] Parser 'parser': start
[19:16:28.989] [bmv2] [D] [thread 37401] [41.0] [cxt 0] Parser 'parser' entering state 'start'
[19:16:28.989] [bmv2] [D] [thread 37401] [41.0] [cxt 0] Extracting header 'ethernet'
[19:16:28.989] [bmv2] [D] [thread 37401] [41.0] [cxt 0] Parser state 'start': key is 86dd
[19:16:28.989] [bmv2] [T] [thread 37401] [41.0] [cxt 0] Bytes parsed: 14
[19:16:28.990] [bmv2] [D] [thread 37401] [41.0] [cxt 0] Parser 'parser': end
[19:16:28.990] [bmv2] [D] [thread 37401] [41.0] [cxt 0] Pipeline 'ingress': start
[19:16:28.990] [bmv2] [T] [thread 37401] [41.0] [cxt 0] decision_tree.p4(154) Condition "hdr.ipv4.isValid()" (node_2) is false
[19:16:28.990] [bmv2] [T] [thread 37401] [41.0] [cxt 0] Applying table 'MyIngress.ipv4_exact'
[19:16:28.990] [bmv2] [D] [thread 37401] [41.0] [cxt 0] Looking up key:
* meta.action_select1 : 0000

[19:16:28.990] [bmv2] [D] [thread 37401] [41.0] [cxt 0] Table 'MyIngress.ipv4_exact': miss
[19:16:28.990] [bmv2] [D] [thread 37401] [41.0] [cxt 0] Action entry is MyIngress.drop - 
[19:16:28.990] [bmv2] [T] [thread 37401] [41.0] [cxt 0] Action MyIngress.drop
[19:16:28.990] [bmv2] [T] [thread 37401] [41.0] [cxt 0] decision_tree.p4(113) Primitive mark_to_drop(standard_metadata)
[19:16:28.990] [bmv2] [D] [thread 37401] [41.0] [cxt 0] Pipeline 'ingress': end
[19:16:28.990] [bmv2] [D] [thread 37401] [41.0] [cxt 0] Egress port is 511
[19:16:28.990] [bmv2] [D] [thread 37401] [41.0] [cxt 0] Dropping packet at the end of ingress
[19:16:45.381] [bmv2] [D] [thread 37401] [42.0] [cxt 0] Processing packet received on port 2
[19:16:45.381] [bmv2] [D] [thread 37401] [42.0] [cxt 0] Parser 'parser': start
[19:16:45.381] [bmv2] [D] [thread 37401] [42.0] [cxt 0] Parser 'parser' entering state 'start'
[19:16:45.381] [bmv2] [D] [thread 37401] [42.0] [cxt 0] Extracting header 'ethernet'
[19:16:45.381] [bmv2] [D] [thread 37401] [42.0] [cxt 0] Parser state 'start': key is 86dd
[19:16:45.381] [bmv2] [T] [thread 37401] [42.0] [cxt 0] Bytes parsed: 14
[19:16:45.381] [bmv2] [D] [thread 37401] [42.0] [cxt 0] Parser 'parser': end
[19:16:45.381] [bmv2] [D] [thread 37401] [42.0] [cxt 0] Pipeline 'ingress': start
[19:16:45.381] [bmv2] [T] [thread 37401] [42.0] [cxt 0] decision_tree.p4(154) Condition "hdr.ipv4.isValid()" (node_2) is false
[19:16:45.381] [bmv2] [T] [thread 37401] [42.0] [cxt 0] Applying table 'MyIngress.ipv4_exact'
[19:16:45.381] [bmv2] [D] [thread 37401] [42.0] [cxt 0] Looking up key:
* meta.action_select1 : 0000

[19:16:45.381] [bmv2] [D] [thread 37401] [42.0] [cxt 0] Table 'MyIngress.ipv4_exact': miss
[19:16:45.381] [bmv2] [D] [thread 37401] [42.0] [cxt 0] Action entry is MyIngress.drop - 
[19:16:45.381] [bmv2] [T] [thread 37401] [42.0] [cxt 0] Action MyIngress.drop
[19:16:45.381] [bmv2] [T] [thread 37401] [42.0] [cxt 0] decision_tree.p4(113) Primitive mark_to_drop(standard_metadata)
[19:16:45.381] [bmv2] [D] [thread 37401] [42.0] [cxt 0] Pipeline 'ingress': end
[19:16:45.381] [bmv2] [D] [thread 37401] [42.0] [cxt 0] Egress port is 511
[19:16:45.381] [bmv2] [D] [thread 37401] [42.0] [cxt 0] Dropping packet at the end of ingress
open: No such file or directory
open: No such file or directory
open: No such file or directory
